---------------------------------------------------------------
[ 2020-04-11T11:43:35+08:00 ] 127.0.0.1 GET www.sanguo.com/
[运行时间：0.152008s] [吞吐率：6.58req/s] [内存消耗：4,540.80kb] [文件加载：48]
[ info ] [ LANG ] E:\git\sanguo\thinkphp\lang\zh-cn.php
[ info ] [ ROUTE ] array (
  'type' => 'module',
  'module' => 
  array (
    0 => '',
    1 => NULL,
    2 => NULL,
  ),
)
[ info ] [ HEADER ] array (
  'host' => 'www.sanguo.com',
  'connection' => 'keep-alive',
  'upgrade-insecure-requests' => '1',
  'user-agent' => 'Mozilla/5.0 (Windows NT 6.1; Win64; x64) AppleWebKit/537.36 (KHTML, like Gecko) Chrome/79.0.3945.130 Safari/537.36',
  'accept' => 'text/html,application/xhtml+xml,application/xml;q=0.9,image/webp,image/apng,*/*;q=0.8,application/signed-exchange;v=b3;q=0.9',
  'accept-encoding' => 'gzip, deflate',
  'accept-language' => 'zh-CN,zh;q=0.9',
)
[ info ] [ PARAM ] array (
)
[ info ] [ DB ] INIT mysql
[ info ] [ SESSION ] INIT array (
  'id' => '',
  'var_session_id' => '',
  'prefix' => 'think',
  'type' => '',
  'auto_start' => true,
)
[ info ] [ LOG ] INIT File
[ sql ] [ DB ] CONNECT:[ UseTime:0.003000s ] mysql:host=127.0.0.1;dbname=sanguo;charset=utf8
---------------------------------------------------------------
[ 2020-04-11T11:43:35+08:00 ] 127.0.0.1 GET www.sanguo.com/index/login/index.html
[运行时间：0.074005s] [吞吐率：13.51req/s] [内存消耗：4,491.40kb] [文件加载：45]
[ info ] [ LANG ] E:\git\sanguo\thinkphp\lang\zh-cn.php
[ info ] [ ROUTE ] array (
  'type' => 'module',
  'module' => 
  array (
    0 => 'index',
    1 => 'login',
    2 => 'index',
  ),
)
[ info ] [ HEADER ] array (
  'host' => 'www.sanguo.com',
  'connection' => 'keep-alive',
  'upgrade-insecure-requests' => '1',
  'user-agent' => 'Mozilla/5.0 (Windows NT 6.1; Win64; x64) AppleWebKit/537.36 (KHTML, like Gecko) Chrome/79.0.3945.130 Safari/537.36',
  'accept' => 'text/html,application/xhtml+xml,application/xml;q=0.9,image/webp,image/apng,*/*;q=0.8,application/signed-exchange;v=b3;q=0.9',
  'accept-encoding' => 'gzip, deflate',
  'accept-language' => 'zh-CN,zh;q=0.9',
  'cookie' => 'PHPSESSID=8r6ko8eamc7m62kr31dm5iiao0',
)
[ info ] [ PARAM ] array (
  '/index/login/index_html' => '',
)
[ info ] [ RUN ] app\index\controller\Login->index[ E:\git\sanguo\application\index\controller\Login.php ]
[ info ] [ DB ] INIT mysql
[ info ] [ VIEW ] ./themes/hdindex/login\index.html [ array (
  0 => 'config',
) ]
[ info ] [ LOG ] INIT File
[ sql ] [ DB ] CONNECT:[ UseTime:0.002000s ] mysql:host=127.0.0.1;dbname=sanguo;charset=utf8
---------------------------------------------------------------
[ 2020-04-11T11:43:35+08:00 ] 127.0.0.1 GET www.sanguo.com/favicon.ico
[运行时间：0.068003s] [吞吐率：14.71req/s] [内存消耗：2,408.70kb] [文件加载：31]
[ info ] [ LANG ] E:\git\sanguo\thinkphp\lang\zh-cn.php
[ info ] [ ROUTE ] array (
  'type' => 'module',
  'module' => 
  array (
    0 => 'favicon.ico',
    1 => NULL,
    2 => NULL,
  ),
)
[ info ] [ HEADER ] array (
  'host' => 'www.sanguo.com',
  'connection' => 'keep-alive',
  'user-agent' => 'Mozilla/5.0 (Windows NT 6.1; Win64; x64) AppleWebKit/537.36 (KHTML, like Gecko) Chrome/79.0.3945.130 Safari/537.36',
  'accept' => 'image/webp,image/apng,image/*,*/*;q=0.8',
  'accept-encoding' => 'gzip, deflate',
  'accept-language' => 'zh-CN,zh;q=0.9',
  'cookie' => 'PHPSESSID=8r6ko8eamc7m62kr31dm5iiao0',
)
[ info ] [ PARAM ] array (
  '/favicon_ico' => '',
)
[ info ] [ LOG ] INIT File
---------------------------------------------------------------
[ 2020-04-11T11:43:53+08:00 ] 127.0.0.1 GET www.sanguo.com/admin
[运行时间：0.066004s] [吞吐率：15.15req/s] [内存消耗：3,020.71kb] [文件加载：40]
[ info ] [ LANG ] E:\git\sanguo\thinkphp\lang\zh-cn.php
[ info ] [ ROUTE ] array (
  'type' => 'module',
  'module' => 
  array (
    0 => 'admin',
    1 => NULL,
    2 => NULL,
  ),
)
[ info ] [ HEADER ] array (
  'host' => 'www.sanguo.com',
  'connection' => 'keep-alive',
  'upgrade-insecure-requests' => '1',
  'user-agent' => 'Mozilla/5.0 (Linux; Android 6.0; Nexus 5 Build/MRA58N) AppleWebKit/537.36 (KHTML, like Gecko) Chrome/79.0.3945.130 Mobile Safari/537.36',
  'accept' => 'text/html,application/xhtml+xml,application/xml;q=0.9,image/webp,image/apng,*/*;q=0.8,application/signed-exchange;v=b3;q=0.9',
  'accept-encoding' => 'gzip, deflate',
  'accept-language' => 'zh-CN,zh;q=0.9',
  'cookie' => 'PHPSESSID=8r6ko8eamc7m62kr31dm5iiao0',
)
[ info ] [ PARAM ] array (
  '/admin' => '',
)
[ info ] [ SESSION ] INIT array (
  'id' => '',
  'var_session_id' => '',
  'prefix' => 'think',
  'type' => '',
  'auto_start' => true,
)
[ info ] [ LOG ] INIT File
---------------------------------------------------------------
[ 2020-04-11T11:43:53+08:00 ] 127.0.0.1 GET www.sanguo.com/admin/login/index.html
[运行时间：0.054003s] [吞吐率：18.52req/s] [内存消耗：2,973.59kb] [文件加载：38]
[ info ] [ LANG ] E:\git\sanguo\thinkphp\lang\zh-cn.php
[ info ] [ ROUTE ] array (
  'type' => 'module',
  'module' => 
  array (
    0 => 'admin',
    1 => 'login',
    2 => 'index',
  ),
)
[ info ] [ HEADER ] array (
  'host' => 'www.sanguo.com',
  'connection' => 'keep-alive',
  'upgrade-insecure-requests' => '1',
  'user-agent' => 'Mozilla/5.0 (Linux; Android 6.0; Nexus 5 Build/MRA58N) AppleWebKit/537.36 (KHTML, like Gecko) Chrome/79.0.3945.130 Mobile Safari/537.36',
  'accept' => 'text/html,application/xhtml+xml,application/xml;q=0.9,image/webp,image/apng,*/*;q=0.8,application/signed-exchange;v=b3;q=0.9',
  'accept-encoding' => 'gzip, deflate',
  'accept-language' => 'zh-CN,zh;q=0.9',
  'cookie' => 'PHPSESSID=8r6ko8eamc7m62kr31dm5iiao0',
)
[ info ] [ PARAM ] array (
  '/admin/login/index_html' => '',
)
[ info ] [ RUN ] app\admin\controller\Login->index[ E:\git\sanguo\application\admin\controller\Login.php ]
[ info ] [ VIEW ] ./themes/admin/login\index.html [ array (
) ]
[ info ] [ LOG ] INIT File
---------------------------------------------------------------
[ 2020-04-11T11:43:53+08:00 ] 127.0.0.1 GET www.sanguo.com/captcha.html
[运行时间：0.146008s] [吞吐率：6.85req/s] [内存消耗：2,432.77kb] [文件加载：30]
[ info ] [ LANG ] E:\git\sanguo\thinkphp\lang\zh-cn.php
[ info ] [ ROUTE ] array (
  'type' => 'method',
  'method' => 
  array (
    0 => '\\think\\captcha\\CaptchaController',
    1 => 'index',
  ),
  'var' => 
  array (
  ),
)
[ info ] [ HEADER ] array (
  'host' => 'www.sanguo.com',
  'connection' => 'keep-alive',
  'user-agent' => 'Mozilla/5.0 (Linux; Android 6.0; Nexus 5 Build/MRA58N) AppleWebKit/537.36 (KHTML, like Gecko) Chrome/79.0.3945.130 Mobile Safari/537.36',
  'accept' => 'image/webp,image/apng,image/*,*/*;q=0.8',
  'referer' => 'http://www.sanguo.com/admin/login/index.html',
  'accept-encoding' => 'gzip, deflate',
  'accept-language' => 'zh-CN,zh;q=0.9',
  'cookie' => 'PHPSESSID=8r6ko8eamc7m62kr31dm5iiao0',
)
[ info ] [ PARAM ] array (
  '/captcha_html' => '',
  'id' => '',
)
[ info ] [ RUN ] think\captcha\CaptchaController->index[ E:\git\sanguo\vendor\topthink\think-captcha\src\CaptchaController.php ]
[ info ] [ SESSION ] INIT array (
  'id' => '',
  'var_session_id' => '',
  'prefix' => 'think',
  'type' => '',
  'auto_start' => true,
)
[ info ] [ LOG ] INIT File
---------------------------------------------------------------
[ 2020-04-11T11:44:03+08:00 ] 127.0.0.1 POST www.sanguo.com/admin/login/login.html
[运行时间：0.067004s] [吞吐率：14.92req/s] [内存消耗：3,005.31kb] [文件加载：40]
[ info ] [ LANG ] E:\git\sanguo\thinkphp\lang\zh-cn.php
[ info ] [ ROUTE ] array (
  'type' => 'module',
  'module' => 
  array (
    0 => 'admin',
    1 => 'login',
    2 => 'login',
  ),
)
[ info ] [ HEADER ] array (
  'host' => 'www.sanguo.com',
  'connection' => 'keep-alive',
  'content-length' => '44',
  'accept' => 'application/json, text/javascript, */*; q=0.01',
  'x-requested-with' => 'XMLHttpRequest',
  'user-agent' => 'Mozilla/5.0 (Windows NT 6.1; Win64; x64) AppleWebKit/537.36 (KHTML, like Gecko) Chrome/79.0.3945.130 Safari/537.36',
  'content-type' => 'application/x-www-form-urlencoded; charset=UTF-8',
  'origin' => 'http://www.sanguo.com',
  'referer' => 'http://www.sanguo.com/admin/login/index.html',
  'accept-encoding' => 'gzip, deflate',
  'accept-language' => 'zh-CN,zh;q=0.9',
  'cookie' => 'PHPSESSID=8r6ko8eamc7m62kr31dm5iiao0',
)
[ info ] [ PARAM ] array (
  '/admin/login/login_html' => '',
  'username' => 'admin',
  'password' => 'ADMIN888',
  'verify' => '1E81',
)
[ info ] [ RUN ] app\admin\controller\Login->login[ E:\git\sanguo\application\admin\controller\Login.php ]
[ info ] [ SESSION ] INIT array (
  'id' => '',
  'var_session_id' => '',
  'prefix' => 'think',
  'type' => '',
  'auto_start' => true,
)
[ info ] [ LOG ] INIT File
---------------------------------------------------------------
[ 2020-04-11T11:44:05+08:00 ] 127.0.0.1 GET www.sanguo.com/captcha.html?time=0.3296789139591585
[运行时间：0.057003s] [吞吐率：17.54req/s] [内存消耗：2,432.74kb] [文件加载：30]
[ info ] [ LANG ] E:\git\sanguo\thinkphp\lang\zh-cn.php
[ info ] [ ROUTE ] array (
  'type' => 'method',
  'method' => 
  array (
    0 => '\\think\\captcha\\CaptchaController',
    1 => 'index',
  ),
  'var' => 
  array (
  ),
)
[ info ] [ HEADER ] array (
  'host' => 'www.sanguo.com',
  'connection' => 'keep-alive',
  'user-agent' => 'Mozilla/5.0 (Windows NT 6.1; Win64; x64) AppleWebKit/537.36 (KHTML, like Gecko) Chrome/79.0.3945.130 Safari/537.36',
  'accept' => 'image/webp,image/apng,image/*,*/*;q=0.8',
  'referer' => 'http://www.sanguo.com/admin/login/index.html',
  'accept-encoding' => 'gzip, deflate',
  'accept-language' => 'zh-CN,zh;q=0.9',
  'cookie' => 'PHPSESSID=8r6ko8eamc7m62kr31dm5iiao0',
)
[ info ] [ PARAM ] array (
  '/captcha_html' => '',
  'time' => '0.3296789139591585',
  'id' => '',
)
[ info ] [ RUN ] think\captcha\CaptchaController->index[ E:\git\sanguo\vendor\topthink\think-captcha\src\CaptchaController.php ]
[ info ] [ SESSION ] INIT array (
  'id' => '',
  'var_session_id' => '',
  'prefix' => 'think',
  'type' => '',
  'auto_start' => true,
)
[ info ] [ LOG ] INIT File
---------------------------------------------------------------
[ 2020-04-11T11:44:10+08:00 ] 127.0.0.1 POST www.sanguo.com/admin/login/login.html
[运行时间：0.086005s] [吞吐率：11.63req/s] [内存消耗：4,448.40kb] [文件加载：47]
[ info ] [ LANG ] E:\git\sanguo\thinkphp\lang\zh-cn.php
[ info ] [ ROUTE ] array (
  'type' => 'module',
  'module' => 
  array (
    0 => 'admin',
    1 => 'login',
    2 => 'login',
  ),
)
[ info ] [ HEADER ] array (
  'host' => 'www.sanguo.com',
  'connection' => 'keep-alive',
  'content-length' => '44',
  'accept' => 'application/json, text/javascript, */*; q=0.01',
  'x-requested-with' => 'XMLHttpRequest',
  'user-agent' => 'Mozilla/5.0 (Windows NT 6.1; Win64; x64) AppleWebKit/537.36 (KHTML, like Gecko) Chrome/79.0.3945.130 Safari/537.36',
  'content-type' => 'application/x-www-form-urlencoded; charset=UTF-8',
  'origin' => 'http://www.sanguo.com',
  'referer' => 'http://www.sanguo.com/admin/login/index.html',
  'accept-encoding' => 'gzip, deflate',
  'accept-language' => 'zh-CN,zh;q=0.9',
  'cookie' => 'PHPSESSID=8r6ko8eamc7m62kr31dm5iiao0',
)
[ info ] [ PARAM ] array (
  '/admin/login/login_html' => '',
  'username' => 'admin',
  'password' => 'ADMIN888',
  'verify' => 'YFMV',
)
[ info ] [ RUN ] app\admin\controller\Login->login[ E:\git\sanguo\application\admin\controller\Login.php ]
[ info ] [ SESSION ] INIT array (
  'id' => '',
  'var_session_id' => '',
  'prefix' => 'think',
  'type' => '',
  'auto_start' => true,
)
[ info ] [ DB ] INIT mysql
[ info ] [ LOG ] INIT File
[ sql ] [ DB ] CONNECT:[ UseTime:0.002000s ] mysql:host=127.0.0.1;dbname=sanguo;charset=utf8
---------------------------------------------------------------
[ 2020-04-11T11:44:28+08:00 ] 127.0.0.1 POST www.sanguo.com/admin/login/login.html
[运行时间：0.066003s] [吞吐率：15.15req/s] [内存消耗：3,004.66kb] [文件加载：40]
[ info ] [ LANG ] E:\git\sanguo\thinkphp\lang\zh-cn.php
[ info ] [ ROUTE ] array (
  'type' => 'module',
  'module' => 
  array (
    0 => 'admin',
    1 => 'login',
    2 => 'login',
  ),
)
[ info ] [ HEADER ] array (
  'host' => 'www.sanguo.com',
  'connection' => 'keep-alive',
  'content-length' => '42',
  'accept' => 'application/json, text/javascript, */*; q=0.01',
  'x-requested-with' => 'XMLHttpRequest',
  'user-agent' => 'Mozilla/5.0 (Windows NT 6.1; Win64; x64) AppleWebKit/537.36 (KHTML, like Gecko) Chrome/79.0.3945.130 Safari/537.36',
  'content-type' => 'application/x-www-form-urlencoded; charset=UTF-8',
  'origin' => 'http://www.sanguo.com',
  'referer' => 'http://www.sanguo.com/admin/login/index.html',
  'accept-encoding' => 'gzip, deflate',
  'accept-language' => 'zh-CN,zh;q=0.9',
  'cookie' => 'PHPSESSID=8r6ko8eamc7m62kr31dm5iiao0',
)
[ info ] [ PARAM ] array (
  '/admin/login/login_html' => '',
  'username' => 'admin',
  'password' => '123456',
  'verify' => 'YFMV',
)
[ info ] [ RUN ] app\admin\controller\Login->login[ E:\git\sanguo\application\admin\controller\Login.php ]
[ info ] [ SESSION ] INIT array (
  'id' => '',
  'var_session_id' => '',
  'prefix' => 'think',
  'type' => '',
  'auto_start' => true,
)
[ info ] [ LOG ] INIT File
---------------------------------------------------------------
[ 2020-04-11T11:44:30+08:00 ] 127.0.0.1 GET www.sanguo.com/captcha.html?time=0.5009855955792537
[运行时间：0.064004s] [吞吐率：15.62req/s] [内存消耗：2,432.88kb] [文件加载：30]
[ info ] [ LANG ] E:\git\sanguo\thinkphp\lang\zh-cn.php
[ info ] [ ROUTE ] array (
  'type' => 'method',
  'method' => 
  array (
    0 => '\\think\\captcha\\CaptchaController',
    1 => 'index',
  ),
  'var' => 
  array (
  ),
)
[ info ] [ HEADER ] array (
  'host' => 'www.sanguo.com',
  'connection' => 'keep-alive',
  'user-agent' => 'Mozilla/5.0 (Windows NT 6.1; Win64; x64) AppleWebKit/537.36 (KHTML, like Gecko) Chrome/79.0.3945.130 Safari/537.36',
  'accept' => 'image/webp,image/apng,image/*,*/*;q=0.8',
  'referer' => 'http://www.sanguo.com/admin/login/index.html',
  'accept-encoding' => 'gzip, deflate',
  'accept-language' => 'zh-CN,zh;q=0.9',
  'cookie' => 'PHPSESSID=8r6ko8eamc7m62kr31dm5iiao0',
)
[ info ] [ PARAM ] array (
  '/captcha_html' => '',
  'time' => '0.5009855955792537',
  'id' => '',
)
[ info ] [ RUN ] think\captcha\CaptchaController->index[ E:\git\sanguo\vendor\topthink\think-captcha\src\CaptchaController.php ]
[ info ] [ SESSION ] INIT array (
  'id' => '',
  'var_session_id' => '',
  'prefix' => 'think',
  'type' => '',
  'auto_start' => true,
)
[ info ] [ LOG ] INIT File
---------------------------------------------------------------
[ 2020-04-11T11:44:35+08:00 ] 127.0.0.1 POST www.sanguo.com/admin/login/login.html
[运行时间：0.106006s] [吞吐率：9.43req/s] [内存消耗：4,729.66kb] [文件加载：51]
[ info ] [ LANG ] E:\git\sanguo\thinkphp\lang\zh-cn.php
[ info ] [ ROUTE ] array (
  'type' => 'module',
  'module' => 
  array (
    0 => 'admin',
    1 => 'login',
    2 => 'login',
  ),
)
[ info ] [ HEADER ] array (
  'host' => 'www.sanguo.com',
  'connection' => 'keep-alive',
  'content-length' => '42',
  'accept' => 'application/json, text/javascript, */*; q=0.01',
  'x-requested-with' => 'XMLHttpRequest',
  'user-agent' => 'Mozilla/5.0 (Windows NT 6.1; Win64; x64) AppleWebKit/537.36 (KHTML, like Gecko) Chrome/79.0.3945.130 Safari/537.36',
  'content-type' => 'application/x-www-form-urlencoded; charset=UTF-8',
  'origin' => 'http://www.sanguo.com',
  'referer' => 'http://www.sanguo.com/admin/login/index.html',
  'accept-encoding' => 'gzip, deflate',
  'accept-language' => 'zh-CN,zh;q=0.9',
  'cookie' => 'PHPSESSID=8r6ko8eamc7m62kr31dm5iiao0',
)
[ info ] [ PARAM ] array (
  '/admin/login/login_html' => '',
  'username' => 'admin',
  'password' => '123456',
  'verify' => 'UBPP',
)
[ info ] [ RUN ] app\admin\controller\Login->login[ E:\git\sanguo\application\admin\controller\Login.php ]
[ info ] [ SESSION ] INIT array (
  'id' => '',
  'var_session_id' => '',
  'prefix' => 'think',
  'type' => '',
  'auto_start' => true,
)
[ info ] [ DB ] INIT mysql
[ info ] [ CACHE ] INIT file
[ info ] [ LOG ] INIT File
[ sql ] [ DB ] CONNECT:[ UseTime:0.010001s ] mysql:host=127.0.0.1;dbname=sanguo;charset=utf8
---------------------------------------------------------------
[ 2020-04-11T11:44:36+08:00 ] 127.0.0.1 GET www.sanguo.com/admin/index/index.html
[运行时间：0.158009s] [吞吐率：6.33req/s] [内存消耗：4,618.98kb] [文件加载：48]
[ info ] [ LANG ] E:\git\sanguo\thinkphp\lang\zh-cn.php
[ info ] [ ROUTE ] array (
  'type' => 'module',
  'module' => 
  array (
    0 => 'admin',
    1 => 'index',
    2 => 'index',
  ),
)
[ info ] [ HEADER ] array (
  'host' => 'www.sanguo.com',
  'connection' => 'keep-alive',
  'upgrade-insecure-requests' => '1',
  'user-agent' => 'Mozilla/5.0 (Windows NT 6.1; Win64; x64) AppleWebKit/537.36 (KHTML, like Gecko) Chrome/79.0.3945.130 Safari/537.36',
  'accept' => 'text/html,application/xhtml+xml,application/xml;q=0.9,image/webp,image/apng,*/*;q=0.8,application/signed-exchange;v=b3;q=0.9',
  'referer' => 'http://www.sanguo.com/admin/login/index.html',
  'accept-encoding' => 'gzip, deflate',
  'accept-language' => 'zh-CN,zh;q=0.9',
  'cookie' => 'PHPSESSID=8r6ko8eamc7m62kr31dm5iiao0',
)
[ info ] [ PARAM ] array (
  '/admin/index/index_html' => '',
)
[ info ] [ SESSION ] INIT array (
  'id' => '',
  'var_session_id' => '',
  'prefix' => 'think',
  'type' => '',
  'auto_start' => true,
)
[ info ] [ DB ] INIT mysql
[ info ] [ RUN ] app\admin\controller\Index->index[ E:\git\sanguo\application\admin\controller\Index.php ]
[ info ] [ VIEW ] ./themes/admin/index\index.html [ array (
  0 => 'menu',
  1 => 'meta_title',
  2 => 'config',
) ]
[ info ] [ LOG ] INIT File
[ sql ] [ DB ] CONNECT:[ UseTime:0.011001s ] mysql:host=127.0.0.1;dbname=sanguo;charset=utf8
---------------------------------------------------------------
[ 2020-04-11T11:44:42+08:00 ] 127.0.0.1 GET www.sanguo.com/admin/system/userlevel.html
[运行时间：0.185010s] [吞吐率：5.41req/s] [内存消耗：5,407.45kb] [文件加载：51]
[ info ] [ LANG ] E:\git\sanguo\thinkphp\lang\zh-cn.php
[ info ] [ ROUTE ] array (
  'type' => 'module',
  'module' => 
  array (
    0 => 'admin',
    1 => 'system',
    2 => 'userlevel',
  ),
)
[ info ] [ HEADER ] array (
  'host' => 'www.sanguo.com',
  'connection' => 'keep-alive',
  'upgrade-insecure-requests' => '1',
  'user-agent' => 'Mozilla/5.0 (Windows NT 6.1; Win64; x64) AppleWebKit/537.36 (KHTML, like Gecko) Chrome/79.0.3945.130 Safari/537.36',
  'accept' => 'text/html,application/xhtml+xml,application/xml;q=0.9,image/webp,image/apng,*/*;q=0.8,application/signed-exchange;v=b3;q=0.9',
  'referer' => 'http://www.sanguo.com/admin/index/index.html',
  'accept-encoding' => 'gzip, deflate',
  'accept-language' => 'zh-CN,zh;q=0.9',
  'cookie' => 'PHPSESSID=8r6ko8eamc7m62kr31dm5iiao0',
)
[ info ] [ PARAM ] array (
  '/admin/system/userlevel_html' => '',
)
[ info ] [ SESSION ] INIT array (
  'id' => '',
  'var_session_id' => '',
  'prefix' => 'think',
  'type' => '',
  'auto_start' => true,
)
[ info ] [ DB ] INIT mysql
[ info ] [ RUN ] app\admin\controller\System->userLevel[ E:\git\sanguo\application\admin\controller\System.php ]
[ info ] [ VIEW ] ./themes/admin/system\user_level.html [ array (
  0 => 'menu',
  1 => 'meta_title',
  2 => 'list',
) ]
[ info ] [ LOG ] INIT File
[ sql ] [ DB ] CONNECT:[ UseTime:0.002000s ] mysql:host=127.0.0.1;dbname=sanguo;charset=utf8
---------------------------------------------------------------
[ 2020-04-11T11:44:43+08:00 ] 127.0.0.1 GET www.sanguo.com/admin/system/siteconfig.html
[运行时间：0.155009s] [吞吐率：6.45req/s] [内存消耗：4,738.60kb] [文件加载：48]
[ info ] [ LANG ] E:\git\sanguo\thinkphp\lang\zh-cn.php
[ info ] [ ROUTE ] array (
  'type' => 'module',
  'module' => 
  array (
    0 => 'admin',
    1 => 'system',
    2 => 'siteconfig',
  ),
)
[ info ] [ HEADER ] array (
  'host' => 'www.sanguo.com',
  'connection' => 'keep-alive',
  'upgrade-insecure-requests' => '1',
  'user-agent' => 'Mozilla/5.0 (Windows NT 6.1; Win64; x64) AppleWebKit/537.36 (KHTML, like Gecko) Chrome/79.0.3945.130 Safari/537.36',
  'accept' => 'text/html,application/xhtml+xml,application/xml;q=0.9,image/webp,image/apng,*/*;q=0.8,application/signed-exchange;v=b3;q=0.9',
  'referer' => 'http://www.sanguo.com/admin/system/userlevel.html',
  'accept-encoding' => 'gzip, deflate',
  'accept-language' => 'zh-CN,zh;q=0.9',
  'cookie' => 'PHPSESSID=8r6ko8eamc7m62kr31dm5iiao0',
)
[ info ] [ PARAM ] array (
  '/admin/system/siteconfig_html' => '',
)
[ info ] [ SESSION ] INIT array (
  'id' => '',
  'var_session_id' => '',
  'prefix' => 'think',
  'type' => '',
  'auto_start' => true,
)
[ info ] [ DB ] INIT mysql
[ info ] [ RUN ] app\admin\controller\System->siteConfig[ E:\git\sanguo\application\admin\controller\System.php ]
[ info ] [ VIEW ] ./themes/admin/system\siteConfig.html [ array (
  0 => 'menu',
  1 => 'meta_title',
  2 => 'site_config',
) ]
[ info ] [ LOG ] INIT File
[ sql ] [ DB ] CONNECT:[ UseTime:0.001000s ] mysql:host=127.0.0.1;dbname=sanguo;charset=utf8
---------------------------------------------------------------
[ 2020-04-11T11:44:49+08:00 ] 127.0.0.1 GET www.sanguo.com/admin/admin/index.html
[运行时间：0.172010s] [吞吐率：5.81req/s] [内存消耗：5,353.51kb] [文件加载：52]
[ info ] [ LANG ] E:\git\sanguo\thinkphp\lang\zh-cn.php
[ info ] [ ROUTE ] array (
  'type' => 'module',
  'module' => 
  array (
    0 => 'admin',
    1 => 'admin',
    2 => 'index',
  ),
)
[ info ] [ HEADER ] array (
  'host' => 'www.sanguo.com',
  'connection' => 'keep-alive',
  'upgrade-insecure-requests' => '1',
  'user-agent' => 'Mozilla/5.0 (Windows NT 6.1; Win64; x64) AppleWebKit/537.36 (KHTML, like Gecko) Chrome/79.0.3945.130 Safari/537.36',
  'accept' => 'text/html,application/xhtml+xml,application/xml;q=0.9,image/webp,image/apng,*/*;q=0.8,application/signed-exchange;v=b3;q=0.9',
  'referer' => 'http://www.sanguo.com/admin/system/siteconfig.html',
  'accept-encoding' => 'gzip, deflate',
  'accept-language' => 'zh-CN,zh;q=0.9',
  'cookie' => 'PHPSESSID=8r6ko8eamc7m62kr31dm5iiao0',
)
[ info ] [ PARAM ] array (
  '/admin/admin/index_html' => '',
)
[ info ] [ SESSION ] INIT array (
  'id' => '',
  'var_session_id' => '',
  'prefix' => 'think',
  'type' => '',
  'auto_start' => true,
)
[ info ] [ DB ] INIT mysql
[ info ] [ RUN ] app\admin\controller\Admin->index[ E:\git\sanguo\application\admin\controller\Admin.php ]
[ info ] [ VIEW ] ./themes/admin/admin\index.html [ array (
  0 => 'menu',
  1 => 'meta_title',
  2 => 'admin_user_list',
) ]
[ info ] [ LOG ] INIT File
[ sql ] [ DB ] CONNECT:[ UseTime:0.001000s ] mysql:host=127.0.0.1;dbname=sanguo;charset=utf8
---------------------------------------------------------------
[ 2020-04-11T11:44:58+08:00 ] 127.0.0.1 GET www.sanguo.com/admin/user/index.html
[运行时间：0.342019s] [吞吐率：2.92req/s] [内存消耗：5,944.66kb] [文件加载：53]
[ info ] [ LANG ] E:\git\sanguo\thinkphp\lang\zh-cn.php
[ info ] [ ROUTE ] array (
  'type' => 'module',
  'module' => 
  array (
    0 => 'admin',
    1 => 'user',
    2 => 'index',
  ),
)
[ info ] [ HEADER ] array (
  'host' => 'www.sanguo.com',
  'connection' => 'keep-alive',
  'upgrade-insecure-requests' => '1',
  'user-agent' => 'Mozilla/5.0 (Windows NT 6.1; Win64; x64) AppleWebKit/537.36 (KHTML, like Gecko) Chrome/79.0.3945.130 Safari/537.36',
  'accept' => 'text/html,application/xhtml+xml,application/xml;q=0.9,image/webp,image/apng,*/*;q=0.8,application/signed-exchange;v=b3;q=0.9',
  'referer' => 'http://www.sanguo.com/admin/admin/index.html',
  'accept-encoding' => 'gzip, deflate',
  'accept-language' => 'zh-CN,zh;q=0.9',
  'cookie' => 'PHPSESSID=8r6ko8eamc7m62kr31dm5iiao0',
)
[ info ] [ PARAM ] array (
  '/admin/user/index_html' => '',
)
[ info ] [ SESSION ] INIT array (
  'id' => '',
  'var_session_id' => '',
  'prefix' => 'think',
  'type' => '',
  'auto_start' => true,
)
[ info ] [ DB ] INIT mysql
[ info ] [ RUN ] app\admin\controller\User->index[ E:\git\sanguo\application\admin\controller\User.php ]
[ info ] [ VIEW ] ./themes/admin/user\index.html [ array (
  0 => 'menu',
  1 => 'meta_title',
  2 => 'user_list',
  3 => 'keyword',
  4 => 'user_num',
) ]
[ info ] [ LOG ] INIT File
[ sql ] [ DB ] CONNECT:[ UseTime:0.001001s ] mysql:host=127.0.0.1;dbname=sanguo;charset=utf8
---------------------------------------------------------------
[ 2020-04-11T11:45:04+08:00 ] 127.0.0.1 GET www.sanguo.com/admin/user/edit/id/60.html
[运行时间：0.193011s] [吞吐率：5.18req/s] [内存消耗：5,406.05kb] [文件加载：50]
[ info ] [ LANG ] E:\git\sanguo\thinkphp\lang\zh-cn.php
[ info ] [ ROUTE ] array (
  'type' => 'module',
  'module' => 
  array (
    0 => 'admin',
    1 => 'user',
    2 => 'edit',
  ),
)
[ info ] [ HEADER ] array (
  'host' => 'www.sanguo.com',
  'connection' => 'keep-alive',
  'upgrade-insecure-requests' => '1',
  'user-agent' => 'Mozilla/5.0 (Windows NT 6.1; Win64; x64) AppleWebKit/537.36 (KHTML, like Gecko) Chrome/79.0.3945.130 Safari/537.36',
  'accept' => 'text/html,application/xhtml+xml,application/xml;q=0.9,image/webp,image/apng,*/*;q=0.8,application/signed-exchange;v=b3;q=0.9',
  'referer' => 'http://www.sanguo.com/admin/user/index.html',
  'accept-encoding' => 'gzip, deflate',
  'accept-language' => 'zh-CN,zh;q=0.9',
  'cookie' => 'PHPSESSID=8r6ko8eamc7m62kr31dm5iiao0',
)
[ info ] [ PARAM ] array (
  '/admin/user/edit/id/60_html' => '',
  'id' => '60',
)
[ info ] [ SESSION ] INIT array (
  'id' => '',
  'var_session_id' => '',
  'prefix' => 'think',
  'type' => '',
  'auto_start' => true,
)
[ info ] [ DB ] INIT mysql
[ info ] [ RUN ] app\admin\controller\User->edit[ E:\git\sanguo\application\admin\controller\User.php ]
[ info ] [ VIEW ] ./themes/admin/user\edit.html [ array (
  0 => 'menu',
  1 => 'meta_title',
  2 => 'user',
  3 => 'levlist',
) ]
[ info ] [ LOG ] INIT File
[ sql ] [ DB ] CONNECT:[ UseTime:0.011001s ] mysql:host=127.0.0.1;dbname=sanguo;charset=utf8
---------------------------------------------------------------
[ 2020-04-11T11:45:07+08:00 ] 127.0.0.1 GET www.sanguo.com/admin/user/index.html
[运行时间：0.335019s] [吞吐率：2.98req/s] [内存消耗：5,944.66kb] [文件加载：53]
[ info ] [ LANG ] E:\git\sanguo\thinkphp\lang\zh-cn.php
[ info ] [ ROUTE ] array (
  'type' => 'module',
  'module' => 
  array (
    0 => 'admin',
    1 => 'user',
    2 => 'index',
  ),
)
[ info ] [ HEADER ] array (
  'host' => 'www.sanguo.com',
  'connection' => 'keep-alive',
  'upgrade-insecure-requests' => '1',
  'user-agent' => 'Mozilla/5.0 (Windows NT 6.1; Win64; x64) AppleWebKit/537.36 (KHTML, like Gecko) Chrome/79.0.3945.130 Safari/537.36',
  'accept' => 'text/html,application/xhtml+xml,application/xml;q=0.9,image/webp,image/apng,*/*;q=0.8,application/signed-exchange;v=b3;q=0.9',
  'referer' => 'http://www.sanguo.com/admin/admin/index.html',
  'accept-encoding' => 'gzip, deflate',
  'accept-language' => 'zh-CN,zh;q=0.9',
  'cookie' => 'PHPSESSID=8r6ko8eamc7m62kr31dm5iiao0',
)
[ info ] [ PARAM ] array (
  '/admin/user/index_html' => '',
)
[ info ] [ SESSION ] INIT array (
  'id' => '',
  'var_session_id' => '',
  'prefix' => 'think',
  'type' => '',
  'auto_start' => true,
)
[ info ] [ DB ] INIT mysql
[ info ] [ RUN ] app\admin\controller\User->index[ E:\git\sanguo\application\admin\controller\User.php ]
[ info ] [ VIEW ] ./themes/admin/user\index.html [ array (
  0 => 'menu',
  1 => 'meta_title',
  2 => 'user_list',
  3 => 'keyword',
  4 => 'user_num',
) ]
[ info ] [ LOG ] INIT File
[ sql ] [ DB ] CONNECT:[ UseTime:0.002000s ] mysql:host=127.0.0.1;dbname=sanguo;charset=utf8
---------------------------------------------------------------
[ 2020-04-11T11:45:16+08:00 ] 127.0.0.1 GET www.sanguo.com/admin/user/edit/id/60.html
[运行时间：0.169010s] [吞吐率：5.92req/s] [内存消耗：5,406.05kb] [文件加载：50]
[ info ] [ LANG ] E:\git\sanguo\thinkphp\lang\zh-cn.php
[ info ] [ ROUTE ] array (
  'type' => 'module',
  'module' => 
  array (
    0 => 'admin',
    1 => 'user',
    2 => 'edit',
  ),
)
[ info ] [ HEADER ] array (
  'host' => 'www.sanguo.com',
  'connection' => 'keep-alive',
  'upgrade-insecure-requests' => '1',
  'user-agent' => 'Mozilla/5.0 (Windows NT 6.1; Win64; x64) AppleWebKit/537.36 (KHTML, like Gecko) Chrome/79.0.3945.130 Safari/537.36',
  'accept' => 'text/html,application/xhtml+xml,application/xml;q=0.9,image/webp,image/apng,*/*;q=0.8,application/signed-exchange;v=b3;q=0.9',
  'referer' => 'http://www.sanguo.com/admin/user/index.html',
  'accept-encoding' => 'gzip, deflate',
  'accept-language' => 'zh-CN,zh;q=0.9',
  'cookie' => 'PHPSESSID=8r6ko8eamc7m62kr31dm5iiao0',
)
[ info ] [ PARAM ] array (
  '/admin/user/edit/id/60_html' => '',
  'id' => '60',
)
[ info ] [ SESSION ] INIT array (
  'id' => '',
  'var_session_id' => '',
  'prefix' => 'think',
  'type' => '',
  'auto_start' => true,
)
[ info ] [ DB ] INIT mysql
[ info ] [ RUN ] app\admin\controller\User->edit[ E:\git\sanguo\application\admin\controller\User.php ]
[ info ] [ VIEW ] ./themes/admin/user\edit.html [ array (
  0 => 'menu',
  1 => 'meta_title',
  2 => 'user',
  3 => 'levlist',
) ]
[ info ] [ LOG ] INIT File
[ sql ] [ DB ] CONNECT:[ UseTime:0.001000s ] mysql:host=127.0.0.1;dbname=sanguo;charset=utf8
---------------------------------------------------------------
[ 2020-04-11T11:45:19+08:00 ] 127.0.0.1 GET www.sanguo.com/admin/user/index.html
[运行时间：0.321018s] [吞吐率：3.12req/s] [内存消耗：5,944.66kb] [文件加载：53]
[ info ] [ LANG ] E:\git\sanguo\thinkphp\lang\zh-cn.php
[ info ] [ ROUTE ] array (
  'type' => 'module',
  'module' => 
  array (
    0 => 'admin',
    1 => 'user',
    2 => 'index',
  ),
)
[ info ] [ HEADER ] array (
  'host' => 'www.sanguo.com',
  'connection' => 'keep-alive',
  'upgrade-insecure-requests' => '1',
  'user-agent' => 'Mozilla/5.0 (Windows NT 6.1; Win64; x64) AppleWebKit/537.36 (KHTML, like Gecko) Chrome/79.0.3945.130 Safari/537.36',
  'accept' => 'text/html,application/xhtml+xml,application/xml;q=0.9,image/webp,image/apng,*/*;q=0.8,application/signed-exchange;v=b3;q=0.9',
  'referer' => 'http://www.sanguo.com/admin/admin/index.html',
  'accept-encoding' => 'gzip, deflate',
  'accept-language' => 'zh-CN,zh;q=0.9',
  'cookie' => 'PHPSESSID=8r6ko8eamc7m62kr31dm5iiao0',
)
[ info ] [ PARAM ] array (
  '/admin/user/index_html' => '',
)
[ info ] [ SESSION ] INIT array (
  'id' => '',
  'var_session_id' => '',
  'prefix' => 'think',
  'type' => '',
  'auto_start' => true,
)
[ info ] [ DB ] INIT mysql
[ info ] [ RUN ] app\admin\controller\User->index[ E:\git\sanguo\application\admin\controller\User.php ]
[ info ] [ VIEW ] ./themes/admin/user\index.html [ array (
  0 => 'menu',
  1 => 'meta_title',
  2 => 'user_list',
  3 => 'keyword',
  4 => 'user_num',
) ]
[ info ] [ LOG ] INIT File
[ sql ] [ DB ] CONNECT:[ UseTime:0.002000s ] mysql:host=127.0.0.1;dbname=sanguo;charset=utf8
---------------------------------------------------------------
[ 2020-04-11T11:45:23+08:00 ] 127.0.0.1 GET www.sanguo.com/
[运行时间：0.122007s] [吞吐率：8.20req/s] [内存消耗：4,541.28kb] [文件加载：48]
[ info ] [ LANG ] E:\git\sanguo\thinkphp\lang\zh-cn.php
[ info ] [ ROUTE ] array (
  'type' => 'module',
  'module' => 
  array (
    0 => '',
    1 => NULL,
    2 => NULL,
  ),
)
[ info ] [ HEADER ] array (
  'host' => 'www.sanguo.com',
  'connection' => 'keep-alive',
  'upgrade-insecure-requests' => '1',
  'user-agent' => 'Mozilla/5.0 (Windows NT 6.1; Win64; x64) AppleWebKit/537.36 (KHTML, like Gecko) Chrome/79.0.3945.130 Safari/537.36',
  'accept' => 'text/html,application/xhtml+xml,application/xml;q=0.9,image/webp,image/apng,*/*;q=0.8,application/signed-exchange;v=b3;q=0.9',
  'accept-encoding' => 'gzip, deflate',
  'accept-language' => 'zh-CN,zh;q=0.9',
  'cookie' => 'PHPSESSID=8r6ko8eamc7m62kr31dm5iiao0',
)
[ info ] [ PARAM ] array (
)
[ info ] [ DB ] INIT mysql
[ info ] [ SESSION ] INIT array (
  'id' => '',
  'var_session_id' => '',
  'prefix' => 'think',
  'type' => '',
  'auto_start' => true,
)
[ info ] [ LOG ] INIT File
[ sql ] [ DB ] CONNECT:[ UseTime:0.011000s ] mysql:host=127.0.0.1;dbname=sanguo;charset=utf8
---------------------------------------------------------------
[ 2020-04-11T11:45:23+08:00 ] 127.0.0.1 GET www.sanguo.com/index/login/index.html
[运行时间：0.083005s] [吞吐率：12.05req/s] [内存消耗：4,491.40kb] [文件加载：45]
[ info ] [ LANG ] E:\git\sanguo\thinkphp\lang\zh-cn.php
[ info ] [ ROUTE ] array (
  'type' => 'module',
  'module' => 
  array (
    0 => 'index',
    1 => 'login',
    2 => 'index',
  ),
)
[ info ] [ HEADER ] array (
  'host' => 'www.sanguo.com',
  'connection' => 'keep-alive',
  'upgrade-insecure-requests' => '1',
  'user-agent' => 'Mozilla/5.0 (Windows NT 6.1; Win64; x64) AppleWebKit/537.36 (KHTML, like Gecko) Chrome/79.0.3945.130 Safari/537.36',
  'accept' => 'text/html,application/xhtml+xml,application/xml;q=0.9,image/webp,image/apng,*/*;q=0.8,application/signed-exchange;v=b3;q=0.9',
  'accept-encoding' => 'gzip, deflate',
  'accept-language' => 'zh-CN,zh;q=0.9',
  'cookie' => 'PHPSESSID=8r6ko8eamc7m62kr31dm5iiao0',
)
[ info ] [ PARAM ] array (
  '/index/login/index_html' => '',
)
[ info ] [ RUN ] app\index\controller\Login->index[ E:\git\sanguo\application\index\controller\Login.php ]
[ info ] [ DB ] INIT mysql
[ info ] [ VIEW ] ./themes/hdindex/login\index.html [ array (
  0 => 'config',
) ]
[ info ] [ LOG ] INIT File
[ sql ] [ DB ] CONNECT:[ UseTime:0.001000s ] mysql:host=127.0.0.1;dbname=sanguo;charset=utf8
---------------------------------------------------------------
[ 2020-04-11T11:45:26+08:00 ] 127.0.0.1 GET www.sanguo.com/admin/user/edit/id/60.html
[运行时间：0.193011s] [吞吐率：5.18req/s] [内存消耗：5,406.05kb] [文件加载：50]
[ info ] [ LANG ] E:\git\sanguo\thinkphp\lang\zh-cn.php
[ info ] [ ROUTE ] array (
  'type' => 'module',
  'module' => 
  array (
    0 => 'admin',
    1 => 'user',
    2 => 'edit',
  ),
)
[ info ] [ HEADER ] array (
  'host' => 'www.sanguo.com',
  'connection' => 'keep-alive',
  'upgrade-insecure-requests' => '1',
  'user-agent' => 'Mozilla/5.0 (Windows NT 6.1; Win64; x64) AppleWebKit/537.36 (KHTML, like Gecko) Chrome/79.0.3945.130 Safari/537.36',
  'accept' => 'text/html,application/xhtml+xml,application/xml;q=0.9,image/webp,image/apng,*/*;q=0.8,application/signed-exchange;v=b3;q=0.9',
  'referer' => 'http://www.sanguo.com/admin/user/index.html',
  'accept-encoding' => 'gzip, deflate',
  'accept-language' => 'zh-CN,zh;q=0.9',
  'cookie' => 'PHPSESSID=8r6ko8eamc7m62kr31dm5iiao0',
)
[ info ] [ PARAM ] array (
  '/admin/user/edit/id/60_html' => '',
  'id' => '60',
)
[ info ] [ SESSION ] INIT array (
  'id' => '',
  'var_session_id' => '',
  'prefix' => 'think',
  'type' => '',
  'auto_start' => true,
)
[ info ] [ DB ] INIT mysql
[ info ] [ RUN ] app\admin\controller\User->edit[ E:\git\sanguo\application\admin\controller\User.php ]
[ info ] [ VIEW ] ./themes/admin/user\edit.html [ array (
  0 => 'menu',
  1 => 'meta_title',
  2 => 'user',
  3 => 'levlist',
) ]
[ info ] [ LOG ] INIT File
[ sql ] [ DB ] CONNECT:[ UseTime:0.011001s ] mysql:host=127.0.0.1;dbname=sanguo;charset=utf8
---------------------------------------------------------------
[ 2020-04-11T11:45:31+08:00 ] 127.0.0.1 POST www.sanguo.com/admin/user/update.html
[运行时间：0.180010s] [吞吐率：5.56req/s] [内存消耗：5,475.44kb] [文件加载：54]
[ info ] [ LANG ] E:\git\sanguo\thinkphp\lang\zh-cn.php
[ info ] [ ROUTE ] array (
  'type' => 'module',
  'module' => 
  array (
    0 => 'admin',
    1 => 'user',
    2 => 'update',
  ),
)
[ info ] [ HEADER ] array (
  'host' => 'www.sanguo.com',
  'connection' => 'keep-alive',
  'content-length' => '130',
  'accept' => 'application/json, text/javascript, */*; q=0.01',
  'x-requested-with' => 'XMLHttpRequest',
  'user-agent' => 'Mozilla/5.0 (Windows NT 6.1; Win64; x64) AppleWebKit/537.36 (KHTML, like Gecko) Chrome/79.0.3945.130 Safari/537.36',
  'content-type' => 'application/x-www-form-urlencoded; charset=UTF-8',
  'origin' => 'http://www.sanguo.com',
  'referer' => 'http://www.sanguo.com/admin/user/edit/id/60.html',
  'accept-encoding' => 'gzip, deflate',
  'accept-language' => 'zh-CN,zh;q=0.9',
  'cookie' => 'PHPSESSID=8r6ko8eamc7m62kr31dm5iiao0',
)
[ info ] [ PARAM ] array (
  '/admin/user/update_html' => '',
  'mobile' => '13433434663',
  'trade_order' => '1',
  'credit_score' => '100',
  'ulevel' => '0',
  'password' => '111111',
  'confirm_password' => '111111',
  'pwd_pay' => '',
  'confirm_pwd_pay' => '',
  'id' => '60',
)
[ info ] [ SESSION ] INIT array (
  'id' => '',
  'var_session_id' => '',
  'prefix' => 'think',
  'type' => '',
  'auto_start' => true,
)
[ info ] [ DB ] INIT mysql
[ info ] [ RUN ] app\admin\controller\User->update[ E:\git\sanguo\application\admin\controller\User.php ]
[ info ] [ CACHE ] INIT file
[ info ] [ LOG ] INIT File
[ sql ] [ DB ] CONNECT:[ UseTime:0.002000s ] mysql:host=127.0.0.1;dbname=sanguo;charset=utf8
---------------------------------------------------------------
[ 2020-04-11T11:45:32+08:00 ] 127.0.0.1 GET www.sanguo.com/admin/user/edit/id/60.html
[运行时间：0.181011s] [吞吐率：5.52req/s] [内存消耗：5,406.25kb] [文件加载：50]
[ info ] [ LANG ] E:\git\sanguo\thinkphp\lang\zh-cn.php
[ info ] [ ROUTE ] array (
  'type' => 'module',
  'module' => 
  array (
    0 => 'admin',
    1 => 'user',
    2 => 'edit',
  ),
)
[ info ] [ HEADER ] array (
  'host' => 'www.sanguo.com',
  'connection' => 'keep-alive',
  'upgrade-insecure-requests' => '1',
  'user-agent' => 'Mozilla/5.0 (Windows NT 6.1; Win64; x64) AppleWebKit/537.36 (KHTML, like Gecko) Chrome/79.0.3945.130 Safari/537.36',
  'accept' => 'text/html,application/xhtml+xml,application/xml;q=0.9,image/webp,image/apng,*/*;q=0.8,application/signed-exchange;v=b3;q=0.9',
  'referer' => 'http://www.sanguo.com/admin/user/edit/id/60.html',
  'accept-encoding' => 'gzip, deflate',
  'accept-language' => 'zh-CN,zh;q=0.9',
  'cookie' => 'PHPSESSID=8r6ko8eamc7m62kr31dm5iiao0',
)
[ info ] [ PARAM ] array (
  '/admin/user/edit/id/60_html' => '',
  'id' => '60',
)
[ info ] [ SESSION ] INIT array (
  'id' => '',
  'var_session_id' => '',
  'prefix' => 'think',
  'type' => '',
  'auto_start' => true,
)
[ info ] [ DB ] INIT mysql
[ info ] [ RUN ] app\admin\controller\User->edit[ E:\git\sanguo\application\admin\controller\User.php ]
[ info ] [ VIEW ] ./themes/admin/user\edit.html [ array (
  0 => 'menu',
  1 => 'meta_title',
  2 => 'user',
  3 => 'levlist',
) ]
[ info ] [ LOG ] INIT File
[ sql ] [ DB ] CONNECT:[ UseTime:0.001000s ] mysql:host=127.0.0.1;dbname=sanguo;charset=utf8
---------------------------------------------------------------
[ 2020-04-11T11:45:35+08:00 ] 127.0.0.1 GET www.sanguo.com/admin/user/index.html
[运行时间：0.313018s] [吞吐率：3.19req/s] [内存消耗：5,944.67kb] [文件加载：53]
[ info ] [ LANG ] E:\git\sanguo\thinkphp\lang\zh-cn.php
[ info ] [ ROUTE ] array (
  'type' => 'module',
  'module' => 
  array (
    0 => 'admin',
    1 => 'user',
    2 => 'index',
  ),
)
[ info ] [ HEADER ] array (
  'host' => 'www.sanguo.com',
  'connection' => 'keep-alive',
  'upgrade-insecure-requests' => '1',
  'user-agent' => 'Mozilla/5.0 (Windows NT 6.1; Win64; x64) AppleWebKit/537.36 (KHTML, like Gecko) Chrome/79.0.3945.130 Safari/537.36',
  'accept' => 'text/html,application/xhtml+xml,application/xml;q=0.9,image/webp,image/apng,*/*;q=0.8,application/signed-exchange;v=b3;q=0.9',
  'referer' => 'http://www.sanguo.com/admin/user/edit/id/60.html',
  'accept-encoding' => 'gzip, deflate',
  'accept-language' => 'zh-CN,zh;q=0.9',
  'cookie' => 'PHPSESSID=8r6ko8eamc7m62kr31dm5iiao0',
)
[ info ] [ PARAM ] array (
  '/admin/user/index_html' => '',
)
[ info ] [ SESSION ] INIT array (
  'id' => '',
  'var_session_id' => '',
  'prefix' => 'think',
  'type' => '',
  'auto_start' => true,
)
[ info ] [ DB ] INIT mysql
[ info ] [ RUN ] app\admin\controller\User->index[ E:\git\sanguo\application\admin\controller\User.php ]
[ info ] [ VIEW ] ./themes/admin/user\index.html [ array (
  0 => 'menu',
  1 => 'meta_title',
  2 => 'user_list',
  3 => 'keyword',
  4 => 'user_num',
) ]
[ info ] [ LOG ] INIT File
[ sql ] [ DB ] CONNECT:[ UseTime:0.001000s ] mysql:host=127.0.0.1;dbname=sanguo;charset=utf8
---------------------------------------------------------------
[ 2020-04-11T11:45:47+08:00 ] 127.0.0.1 POST www.sanguo.com/index/login/hdindex
[运行时间：0.097006s] [吞吐率：10.31req/s] [内存消耗：4,731.06kb] [文件加载：50]
[ info ] [ LANG ] E:\git\sanguo\thinkphp\lang\zh-cn.php
[ info ] [ ROUTE ] array (
  'type' => 'module',
  'module' => 
  array (
    0 => 'index',
    1 => 'login',
    2 => 'hdindex',
  ),
)
[ info ] [ HEADER ] array (
  'host' => 'www.sanguo.com',
  'connection' => 'keep-alive',
  'content-length' => '34',
  'accept' => 'application/json, text/javascript, */*; q=0.01',
  'x-requested-with' => 'XMLHttpRequest',
  'user-agent' => 'Mozilla/5.0 (Linux; Android 6.0; Nexus 5 Build/MRA58N) AppleWebKit/537.36 (KHTML, like Gecko) Chrome/79.0.3945.130 Mobile Safari/537.36',
  'content-type' => 'application/x-www-form-urlencoded; charset=UTF-8',
  'origin' => 'http://www.sanguo.com',
  'accept-encoding' => 'gzip, deflate',
  'accept-language' => 'zh-CN,zh;q=0.9',
  'cookie' => 'PHPSESSID=8r6ko8eamc7m62kr31dm5iiao0',
)
[ info ] [ PARAM ] array (
  '/index/login/hdindex' => '',
  'mobile' => '13433434663',
  'password' => '111111',
)
[ info ] [ RUN ] app\index\controller\Login->hdindex[ E:\git\sanguo\application\index\controller\Login.php ]
[ info ] [ DB ] INIT mysql
[ info ] [ SESSION ] INIT array (
  'id' => '',
  'var_session_id' => '',
  'prefix' => 'think',
  'type' => '',
  'auto_start' => true,
)
[ info ] [ CACHE ] INIT file
[ info ] [ LOG ] INIT File
[ sql ] [ DB ] CONNECT:[ UseTime:0.011000s ] mysql:host=127.0.0.1;dbname=sanguo;charset=utf8
---------------------------------------------------------------
[ 2020-04-11T11:45:47+08:00 ] 127.0.0.1 GET www.sanguo.com/index/index/index.html
[运行时间：0.123007s] [吞吐率：8.13req/s] [内存消耗：5,346.19kb] [文件加载：50]
[ info ] [ LANG ] E:\git\sanguo\thinkphp\lang\zh-cn.php
[ info ] [ ROUTE ] array (
  'type' => 'module',
  'module' => 
  array (
    0 => 'index',
    1 => 'index',
    2 => 'index',
  ),
)
[ info ] [ HEADER ] array (
  'host' => 'www.sanguo.com',
  'connection' => 'keep-alive',
  'upgrade-insecure-requests' => '1',
  'user-agent' => 'Mozilla/5.0 (Linux; Android 6.0; Nexus 5 Build/MRA58N) AppleWebKit/537.36 (KHTML, like Gecko) Chrome/79.0.3945.130 Mobile Safari/537.36',
  'accept' => 'text/html,application/xhtml+xml,application/xml;q=0.9,image/webp,image/apng,*/*;q=0.8,application/signed-exchange;v=b3;q=0.9',
  'accept-encoding' => 'gzip, deflate',
  'accept-language' => 'zh-CN,zh;q=0.9',
  'cookie' => 'PHPSESSID=8r6ko8eamc7m62kr31dm5iiao0',
)
[ info ] [ PARAM ] array (
  '/index/index/index_html' => '',
)
[ info ] [ DB ] INIT mysql
[ info ] [ SESSION ] INIT array (
  'id' => '',
  'var_session_id' => '',
  'prefix' => 'think',
  'type' => '',
  'auto_start' => true,
)
[ info ] [ RUN ] app\index\controller\Index->index[ E:\git\sanguo\application\index\controller\Index.php ]
[ info ] [ VIEW ] ./themes/hdindex/index\index.html [ array (
  0 => 'user',
  1 => 'piglist',
  2 => 'nowday',
  3 => 'nowtime',
  4 => 'config',
) ]
[ info ] [ LOG ] INIT File
[ sql ] [ DB ] CONNECT:[ UseTime:0.002000s ] mysql:host=127.0.0.1;dbname=sanguo;charset=utf8
---------------------------------------------------------------
[ 2020-04-11T11:48:20+08:00 ] 127.0.0.1 GET www.sanguo.com/index/index/index.html
[运行时间：0.220013s] [吞吐率：4.55req/s] [内存消耗：5,346.57kb] [文件加载：50]
[ info ] [ LANG ] E:\git\sanguo\thinkphp\lang\zh-cn.php
[ info ] [ ROUTE ] array (
  'type' => 'module',
  'module' => 
  array (
    0 => 'index',
    1 => 'index',
    2 => 'index',
  ),
)
[ info ] [ HEADER ] array (
  'host' => 'www.sanguo.com',
  'connection' => 'keep-alive',
  'cache-control' => 'max-age=0',
  'upgrade-insecure-requests' => '1',
  'user-agent' => 'Mozilla/5.0 (iPhone; CPU iPhone OS 11_0 like Mac OS X) AppleWebKit/604.1.38 (KHTML, like Gecko) Version/11.0 Mobile/15A372 Safari/604.1',
  'accept' => 'text/html,application/xhtml+xml,application/xml;q=0.9,image/webp,image/apng,*/*;q=0.8,application/signed-exchange;v=b3;q=0.9',
  'accept-encoding' => 'gzip, deflate',
  'accept-language' => 'zh-CN,zh;q=0.9',
  'cookie' => 'PHPSESSID=8r6ko8eamc7m62kr31dm5iiao0',
)
[ info ] [ PARAM ] array (
  '/index/index/index_html' => '',
)
[ info ] [ DB ] INIT mysql
[ info ] [ SESSION ] INIT array (
  'id' => '',
  'var_session_id' => '',
  'prefix' => 'think',
  'type' => '',
  'auto_start' => true,
)
[ info ] [ RUN ] app\index\controller\Index->index[ E:\git\sanguo\application\index\controller\Index.php ]
[ info ] [ VIEW ] ./themes/hdindex/index\index.html [ array (
  0 => 'user',
  1 => 'piglist',
  2 => 'nowday',
  3 => 'nowtime',
  4 => 'config',
) ]
[ info ] [ LOG ] INIT File
[ sql ] [ DB ] CONNECT:[ UseTime:0.012001s ] mysql:host=127.0.0.1;dbname=sanguo;charset=utf8
