---------------------------------------------------------------
[ 2020-04-12T18:09:06+08:00 ] 127.0.0.1 POST www.sanguo.com/admin/system/clear.html
[ sql ] [ DB ] CONNECT:[ UseTime:0.003000s ] mysql:host=127.0.0.1;dbname=sanguo;charset=utf8
---------------------------------------------------------------
[ 2020-04-12T18:09:08+08:00 ] 127.0.0.1 GET www.sanguo.com/admin/index/index.html
[ sql ] [ DB ] CONNECT:[ UseTime:0.003000s ] mysql:host=127.0.0.1;dbname=sanguo;charset=utf8
---------------------------------------------------------------
[ 2020-04-12T18:09:11+08:00 ] 127.0.0.1 GET www.sanguo.com/
[ sql ] [ DB ] CONNECT:[ UseTime:0.011000s ] mysql:host=127.0.0.1;dbname=sanguo;charset=utf8
---------------------------------------------------------------
[ 2020-04-12T18:09:57+08:00 ] 127.0.0.1 GET www.sanguo.com/index.php/login/index.html
[运行时间：0.050003s] [吞吐率：20.00req/s] [内存消耗：2,405.38kb] [文件加载：31]
[ info ] [ LANG ] E:\git\sanguo\thinkphp\lang\zh-cn.php
[ info ] [ ROUTE ] array (
  'type' => 'module',
  'module' => 
  array (
    0 => 'login',
    1 => 'index',
    2 => NULL,
  ),
)
[ info ] [ HEADER ] array (
  'host' => 'www.sanguo.com',
  'connection' => 'keep-alive',
  'cache-control' => 'max-age=0',
  'upgrade-insecure-requests' => '1',
  'user-agent' => 'Mozilla/5.0 (Windows NT 6.1; Win64; x64) AppleWebKit/537.36 (KHTML, like Gecko) Chrome/79.0.3945.130 Safari/537.36',
  'accept' => 'text/html,application/xhtml+xml,application/xml;q=0.9,image/webp,image/apng,*/*;q=0.8,application/signed-exchange;v=b3;q=0.9',
  'accept-encoding' => 'gzip, deflate',
  'accept-language' => 'zh-CN,zh;q=0.9',
  'cookie' => 'PHPSESSID=m43lkqflgdia4gbjd4kn45jbs1',
)
[ info ] [ PARAM ] array (
)
[ info ] [ LOG ] INIT File
---------------------------------------------------------------
[ 2020-04-12T18:10:24+08:00 ] 127.0.0.1 GET www.sanguo.com/index.php/login/index.html
[运行时间：0.068004s] [吞吐率：14.71req/s] [内存消耗：2,405.38kb] [文件加载：31]
[ info ] [ LANG ] E:\git\sanguo\thinkphp\lang\zh-cn.php
[ info ] [ ROUTE ] array (
  'type' => 'module',
  'module' => 
  array (
    0 => 'login',
    1 => 'index',
    2 => NULL,
  ),
)
[ info ] [ HEADER ] array (
  'host' => 'www.sanguo.com',
  'connection' => 'keep-alive',
  'cache-control' => 'max-age=0',
  'upgrade-insecure-requests' => '1',
  'user-agent' => 'Mozilla/5.0 (Windows NT 6.1; Win64; x64) AppleWebKit/537.36 (KHTML, like Gecko) Chrome/79.0.3945.130 Safari/537.36',
  'accept' => 'text/html,application/xhtml+xml,application/xml;q=0.9,image/webp,image/apng,*/*;q=0.8,application/signed-exchange;v=b3;q=0.9',
  'accept-encoding' => 'gzip, deflate',
  'accept-language' => 'zh-CN,zh;q=0.9',
  'cookie' => 'PHPSESSID=m43lkqflgdia4gbjd4kn45jbs1',
)
[ info ] [ PARAM ] array (
)
[ info ] [ LOG ] INIT File
---------------------------------------------------------------
[ 2020-04-12T18:10:25+08:00 ] 127.0.0.1 GET www.sanguo.com/index.php/login/index.html
[运行时间：0.054003s] [吞吐率：18.52req/s] [内存消耗：2,405.38kb] [文件加载：31]
[ info ] [ LANG ] E:\git\sanguo\thinkphp\lang\zh-cn.php
[ info ] [ ROUTE ] array (
  'type' => 'module',
  'module' => 
  array (
    0 => 'login',
    1 => 'index',
    2 => NULL,
  ),
)
[ info ] [ HEADER ] array (
  'host' => 'www.sanguo.com',
  'connection' => 'keep-alive',
  'cache-control' => 'max-age=0',
  'upgrade-insecure-requests' => '1',
  'user-agent' => 'Mozilla/5.0 (Windows NT 6.1; Win64; x64) AppleWebKit/537.36 (KHTML, like Gecko) Chrome/79.0.3945.130 Safari/537.36',
  'accept' => 'text/html,application/xhtml+xml,application/xml;q=0.9,image/webp,image/apng,*/*;q=0.8,application/signed-exchange;v=b3;q=0.9',
  'accept-encoding' => 'gzip, deflate',
  'accept-language' => 'zh-CN,zh;q=0.9',
  'cookie' => 'PHPSESSID=m43lkqflgdia4gbjd4kn45jbs1',
)
[ info ] [ PARAM ] array (
)
[ info ] [ LOG ] INIT File
---------------------------------------------------------------
[ 2020-04-12T18:10:47+08:00 ] 127.0.0.1 GET www.sanguo.com/
[运行时间：0.211013s] [吞吐率：4.74req/s] [内存消耗：4,617.03kb] [文件加载：48]
[ info ] [ LANG ] E:\git\sanguo\thinkphp\lang\zh-cn.php
[ info ] [ ROUTE ] array (
  'type' => 'module',
  'module' => 
  array (
    0 => '',
    1 => NULL,
    2 => NULL,
  ),
)
[ info ] [ HEADER ] array (
  'host' => 'www.sanguo.com',
  'user-agent' => 'Mozilla/5.0 (Windows NT 6.1; Win64; x64; rv:75.0) Gecko/20100101 Firefox/75.0',
  'accept' => 'text/html,application/xhtml+xml,application/xml;q=0.9,image/webp,*/*;q=0.8',
  'accept-language' => 'zh-CN,zh;q=0.8,zh-TW;q=0.7,zh-HK;q=0.5,en-US;q=0.3,en;q=0.2',
  'accept-encoding' => 'gzip, deflate',
  'connection' => 'keep-alive',
  'upgrade-insecure-requests' => '1',
)
[ info ] [ PARAM ] array (
)
[ info ] [ DB ] INIT mysql
[ info ] [ SESSION ] INIT array (
  'id' => '',
  'var_session_id' => '',
  'prefix' => 'think',
  'type' => '',
  'auto_start' => true,
)
[ info ] [ LOG ] INIT File
[ sql ] [ DB ] CONNECT:[ UseTime:0.006001s ] mysql:host=127.0.0.1;dbname=sanguo;charset=utf8
---------------------------------------------------------------
[ 2020-04-12T18:10:47+08:00 ] 127.0.0.1 GET www.sanguo.com/index.php/login/index.html
[运行时间：0.061004s] [吞吐率：16.39req/s] [内存消耗：2,404.59kb] [文件加载：31]
[ info ] [ LANG ] E:\git\sanguo\thinkphp\lang\zh-cn.php
[ info ] [ ROUTE ] array (
  'type' => 'module',
  'module' => 
  array (
    0 => 'login',
    1 => 'index',
    2 => NULL,
  ),
)
[ info ] [ HEADER ] array (
  'host' => 'www.sanguo.com',
  'user-agent' => 'Mozilla/5.0 (Windows NT 6.1; Win64; x64; rv:75.0) Gecko/20100101 Firefox/75.0',
  'accept' => 'text/html,application/xhtml+xml,application/xml;q=0.9,image/webp,*/*;q=0.8',
  'accept-language' => 'zh-CN,zh;q=0.8,zh-TW;q=0.7,zh-HK;q=0.5,en-US;q=0.3,en;q=0.2',
  'accept-encoding' => 'gzip, deflate',
  'connection' => 'keep-alive',
  'cookie' => 'PHPSESSID=2hqn5v6fr6n5p5foiilgujonb4',
  'upgrade-insecure-requests' => '1',
)
[ info ] [ PARAM ] array (
)
[ info ] [ LOG ] INIT File
---------------------------------------------------------------
[ 2020-04-12T18:10:52+08:00 ] 127.0.0.1 GET www.sanguo.com/favicon.ico
[运行时间：0.131007s] [吞吐率：7.63req/s] [内存消耗：2,408.55kb] [文件加载：31]
[ info ] [ LANG ] E:\git\sanguo\thinkphp\lang\zh-cn.php
[ info ] [ ROUTE ] array (
  'type' => 'module',
  'module' => 
  array (
    0 => 'favicon.ico',
    1 => NULL,
    2 => NULL,
  ),
)
[ info ] [ HEADER ] array (
  'host' => 'www.sanguo.com',
  'user-agent' => 'Mozilla/5.0 (Windows NT 6.1; Win64; x64; rv:75.0) Gecko/20100101 Firefox/75.0',
  'accept' => 'image/webp,*/*',
  'accept-language' => 'zh-CN,zh;q=0.8,zh-TW;q=0.7,zh-HK;q=0.5,en-US;q=0.3,en;q=0.2',
  'accept-encoding' => 'gzip, deflate',
  'connection' => 'keep-alive',
  'cookie' => 'PHPSESSID=2hqn5v6fr6n5p5foiilgujonb4',
)
[ info ] [ PARAM ] array (
  '/favicon_ico' => '',
)
[ info ] [ LOG ] INIT File
---------------------------------------------------------------
[ 2020-04-12T18:11:15+08:00 ] 127.0.0.1 GET www.sanguo.com/index.php/login/index.html
[运行时间：0.049003s] [吞吐率：20.41req/s] [内存消耗：2,405.27kb] [文件加载：31]
[ info ] [ LANG ] E:\git\sanguo\thinkphp\lang\zh-cn.php
[ info ] [ ROUTE ] array (
  'type' => 'module',
  'module' => 
  array (
    0 => 'login',
    1 => 'index',
    2 => NULL,
  ),
)
[ info ] [ HEADER ] array (
  'host' => 'www.sanguo.com',
  'user-agent' => 'Mozilla/5.0 (Windows NT 6.1; Win64; x64; rv:75.0) Gecko/20100101 Firefox/75.0',
  'accept' => 'text/html,application/xhtml+xml,application/xml;q=0.9,image/webp,*/*;q=0.8',
  'accept-language' => 'zh-CN,zh;q=0.8,zh-TW;q=0.7,zh-HK;q=0.5,en-US;q=0.3,en;q=0.2',
  'accept-encoding' => 'gzip, deflate',
  'connection' => 'keep-alive',
  'cookie' => 'PHPSESSID=2hqn5v6fr6n5p5foiilgujonb4',
  'upgrade-insecure-requests' => '1',
  'cache-control' => 'max-age=0',
)
[ info ] [ PARAM ] array (
)
[ info ] [ LOG ] INIT File
---------------------------------------------------------------
[ 2020-04-12T18:11:16+08:00 ] 127.0.0.1 GET www.sanguo.com/index.php/login/index.html
[运行时间：0.049003s] [吞吐率：20.41req/s] [内存消耗：2,405.27kb] [文件加载：31]
[ info ] [ LANG ] E:\git\sanguo\thinkphp\lang\zh-cn.php
[ info ] [ ROUTE ] array (
  'type' => 'module',
  'module' => 
  array (
    0 => 'login',
    1 => 'index',
    2 => NULL,
  ),
)
[ info ] [ HEADER ] array (
  'host' => 'www.sanguo.com',
  'user-agent' => 'Mozilla/5.0 (Windows NT 6.1; Win64; x64; rv:75.0) Gecko/20100101 Firefox/75.0',
  'accept' => 'text/html,application/xhtml+xml,application/xml;q=0.9,image/webp,*/*;q=0.8',
  'accept-language' => 'zh-CN,zh;q=0.8,zh-TW;q=0.7,zh-HK;q=0.5,en-US;q=0.3,en;q=0.2',
  'accept-encoding' => 'gzip, deflate',
  'connection' => 'keep-alive',
  'cookie' => 'PHPSESSID=2hqn5v6fr6n5p5foiilgujonb4',
  'upgrade-insecure-requests' => '1',
  'cache-control' => 'max-age=0',
)
[ info ] [ PARAM ] array (
)
[ info ] [ LOG ] INIT File
---------------------------------------------------------------
[ 2020-04-12T18:11:16+08:00 ] 127.0.0.1 GET www.sanguo.com/index.php/login/index.html
[运行时间：0.063003s] [吞吐率：15.87req/s] [内存消耗：2,405.27kb] [文件加载：31]
[ info ] [ LANG ] E:\git\sanguo\thinkphp\lang\zh-cn.php
[ info ] [ ROUTE ] array (
  'type' => 'module',
  'module' => 
  array (
    0 => 'login',
    1 => 'index',
    2 => NULL,
  ),
)
[ info ] [ HEADER ] array (
  'host' => 'www.sanguo.com',
  'user-agent' => 'Mozilla/5.0 (Windows NT 6.1; Win64; x64; rv:75.0) Gecko/20100101 Firefox/75.0',
  'accept' => 'text/html,application/xhtml+xml,application/xml;q=0.9,image/webp,*/*;q=0.8',
  'accept-language' => 'zh-CN,zh;q=0.8,zh-TW;q=0.7,zh-HK;q=0.5,en-US;q=0.3,en;q=0.2',
  'accept-encoding' => 'gzip, deflate',
  'connection' => 'keep-alive',
  'cookie' => 'PHPSESSID=2hqn5v6fr6n5p5foiilgujonb4',
  'upgrade-insecure-requests' => '1',
  'cache-control' => 'max-age=0',
)
[ info ] [ PARAM ] array (
)
[ info ] [ LOG ] INIT File
---------------------------------------------------------------
[ 2020-04-12T18:11:56+08:00 ] 127.0.0.1 GET www.sanguo.com/index/login/index.html
[运行时间：0.101006s] [吞吐率：9.90req/s] [内存消耗：4,750.16kb] [文件加载：47]
[ info ] [ LANG ] E:\git\sanguo\thinkphp\lang\zh-cn.php
[ info ] [ ROUTE ] array (
  'type' => 'module',
  'module' => 
  array (
    0 => 'index',
    1 => 'login',
    2 => 'index',
  ),
)
[ info ] [ HEADER ] array (
  'host' => 'www.sanguo.com',
  'connection' => 'keep-alive',
  'upgrade-insecure-requests' => '1',
  'user-agent' => 'Mozilla/5.0 (Windows NT 6.1; Win64; x64) AppleWebKit/537.36 (KHTML, like Gecko) Chrome/79.0.3945.130 Safari/537.36',
  'accept' => 'text/html,application/xhtml+xml,application/xml;q=0.9,image/webp,image/apng,*/*;q=0.8,application/signed-exchange;v=b3;q=0.9',
  'accept-encoding' => 'gzip, deflate',
  'accept-language' => 'zh-CN,zh;q=0.9',
  'cookie' => 'PHPSESSID=m43lkqflgdia4gbjd4kn45jbs1',
)
[ info ] [ PARAM ] array (
  '/index/login/index_html' => '',
)
[ info ] [ RUN ] app\index\controller\Login->index[ E:\git\sanguo\application\index\controller\Login.php ]
[ info ] [ DB ] INIT mysql
[ info ] [ VIEW ] ./themes/hdindex/login\index.html [ array (
  0 => 'config',
) ]
[ info ] [ LOG ] INIT File
[ sql ] [ DB ] CONNECT:[ UseTime:0.001000s ] mysql:host=127.0.0.1;dbname=sanguo;charset=utf8
---------------------------------------------------------------
[ 2020-04-12T18:12:16+08:00 ] 127.0.0.1 GET www.sanguo.com/
[运行时间：0.130008s] [吞吐率：7.69req/s] [内存消耗：4,618.38kb] [文件加载：48]
[ info ] [ LANG ] E:\git\sanguo\thinkphp\lang\zh-cn.php
[ info ] [ ROUTE ] array (
  'type' => 'module',
  'module' => 
  array (
    0 => '',
    1 => NULL,
    2 => NULL,
  ),
)
[ info ] [ HEADER ] array (
  'host' => 'www.sanguo.com',
  'connection' => 'keep-alive',
  'upgrade-insecure-requests' => '1',
  'user-agent' => 'Mozilla/5.0 (Windows NT 6.1; Win64; x64) AppleWebKit/537.36 (KHTML, like Gecko) Chrome/79.0.3945.130 Safari/537.36',
  'accept' => 'text/html,application/xhtml+xml,application/xml;q=0.9,image/webp,image/apng,*/*;q=0.8,application/signed-exchange;v=b3;q=0.9',
  'purpose' => 'prefetch',
  'accept-encoding' => 'gzip, deflate',
  'accept-language' => 'zh-CN,zh;q=0.9',
  'cookie' => 'PHPSESSID=m43lkqflgdia4gbjd4kn45jbs1',
)
[ info ] [ PARAM ] array (
)
[ info ] [ DB ] INIT mysql
[ info ] [ SESSION ] INIT array (
  'id' => '',
  'var_session_id' => '',
  'prefix' => 'think',
  'type' => '',
  'auto_start' => true,
)
[ info ] [ LOG ] INIT File
[ sql ] [ DB ] CONNECT:[ UseTime:0.003000s ] mysql:host=127.0.0.1;dbname=sanguo;charset=utf8
---------------------------------------------------------------
[ 2020-04-12T18:12:16+08:00 ] 127.0.0.1 GET www.sanguo.com/index/login/index.html
[运行时间：0.088005s] [吞吐率：11.36req/s] [内存消耗：4,490.80kb] [文件加载：45]
[ info ] [ LANG ] E:\git\sanguo\thinkphp\lang\zh-cn.php
[ info ] [ ROUTE ] array (
  'type' => 'module',
  'module' => 
  array (
    0 => 'index',
    1 => 'login',
    2 => 'index',
  ),
)
[ info ] [ HEADER ] array (
  'host' => 'www.sanguo.com',
  'connection' => 'keep-alive',
  'upgrade-insecure-requests' => '1',
  'user-agent' => 'Mozilla/5.0 (Windows NT 6.1; Win64; x64) AppleWebKit/537.36 (KHTML, like Gecko) Chrome/79.0.3945.130 Safari/537.36',
  'accept' => 'text/html,application/xhtml+xml,application/xml;q=0.9,image/webp,image/apng,*/*;q=0.8,application/signed-exchange;v=b3;q=0.9',
  'purpose' => 'prefetch',
  'accept-encoding' => 'gzip, deflate',
  'accept-language' => 'zh-CN,zh;q=0.9',
  'cookie' => 'PHPSESSID=m43lkqflgdia4gbjd4kn45jbs1',
)
[ info ] [ PARAM ] array (
  '/index/login/index_html' => '',
)
[ info ] [ RUN ] app\index\controller\Login->index[ E:\git\sanguo\application\index\controller\Login.php ]
[ info ] [ DB ] INIT mysql
[ info ] [ VIEW ] ./themes/hdindex/login\index.html [ array (
  0 => 'config',
) ]
[ info ] [ LOG ] INIT File
[ sql ] [ DB ] CONNECT:[ UseTime:0.002000s ] mysql:host=127.0.0.1;dbname=sanguo;charset=utf8
---------------------------------------------------------------
[ 2020-04-12T18:12:23+08:00 ] 127.0.0.1 GET www.sanguo.com/index/login/register.html
[运行时间：0.141008s] [吞吐率：7.09req/s] [内存消耗：4,800.09kb] [文件加载：47]
[ info ] [ LANG ] E:\git\sanguo\thinkphp\lang\zh-cn.php
[ info ] [ ROUTE ] array (
  'type' => 'module',
  'module' => 
  array (
    0 => 'index',
    1 => 'login',
    2 => 'register',
  ),
)
[ info ] [ HEADER ] array (
  'host' => 'www.sanguo.com',
  'connection' => 'keep-alive',
  'upgrade-insecure-requests' => '1',
  'user-agent' => 'Mozilla/5.0 (Windows NT 6.1; Win64; x64) AppleWebKit/537.36 (KHTML, like Gecko) Chrome/79.0.3945.130 Safari/537.36',
  'accept' => 'text/html,application/xhtml+xml,application/xml;q=0.9,image/webp,image/apng,*/*;q=0.8,application/signed-exchange;v=b3;q=0.9',
  'accept-encoding' => 'gzip, deflate',
  'accept-language' => 'zh-CN,zh;q=0.9',
  'cookie' => 'PHPSESSID=m43lkqflgdia4gbjd4kn45jbs1',
)
[ info ] [ PARAM ] array (
  '/index/login/register_html' => '',
)
[ info ] [ RUN ] app\index\controller\Login->register[ E:\git\sanguo\application\index\controller\Login.php ]
[ info ] [ DB ] INIT mysql
[ info ] [ VIEW ] ./themes/hdindex/login\register.html [ array (
  0 => 'config',
  1 => 'pinfo',
) ]
[ info ] [ LOG ] INIT File
[ sql ] [ DB ] CONNECT:[ UseTime:0.003000s ] mysql:host=127.0.0.1;dbname=sanguo;charset=utf8
---------------------------------------------------------------
[ 2020-04-12T18:12:37+08:00 ] 127.0.0.1 GET www.sanguo.com/index/login/register.html
[运行时间：0.153008s] [吞吐率：6.54req/s] [内存消耗：4,820.45kb] [文件加载：47]
[ info ] [ LANG ] E:\git\sanguo\thinkphp\lang\zh-cn.php
[ info ] [ ROUTE ] array (
  'type' => 'module',
  'module' => 
  array (
    0 => 'index',
    1 => 'login',
    2 => 'register',
  ),
)
[ info ] [ HEADER ] array (
  'host' => 'www.sanguo.com',
  'connection' => 'keep-alive',
  'cache-control' => 'max-age=0',
  'upgrade-insecure-requests' => '1',
  'user-agent' => 'Mozilla/5.0 (iPhone; CPU iPhone OS 11_0 like Mac OS X) AppleWebKit/604.1.38 (KHTML, like Gecko) Version/11.0 Mobile/15A372 Safari/604.1',
  'accept' => 'text/html,application/xhtml+xml,application/xml;q=0.9,image/webp,image/apng,*/*;q=0.8,application/signed-exchange;v=b3;q=0.9',
  'accept-encoding' => 'gzip, deflate',
  'accept-language' => 'zh-CN,zh;q=0.9',
  'cookie' => 'PHPSESSID=m43lkqflgdia4gbjd4kn45jbs1',
)
[ info ] [ PARAM ] array (
  '/index/login/register_html' => '',
)
[ info ] [ RUN ] app\index\controller\Login->register[ E:\git\sanguo\application\index\controller\Login.php ]
[ info ] [ DB ] INIT mysql
[ info ] [ VIEW ] ./themes/hdindex/login\register.html [ array (
  0 => 'config',
  1 => 'pinfo',
) ]
[ info ] [ LOG ] INIT File
[ sql ] [ DB ] CONNECT:[ UseTime:0.011000s ] mysql:host=127.0.0.1;dbname=sanguo;charset=utf8
---------------------------------------------------------------
[ 2020-04-12T18:12:53+08:00 ] 127.0.0.1 GET www.sanguo.com/index/login/index.html
[运行时间：0.113006s] [吞吐率：8.85req/s] [内存消耗：4,491.03kb] [文件加载：45]
[ info ] [ LANG ] E:\git\sanguo\thinkphp\lang\zh-cn.php
[ info ] [ ROUTE ] array (
  'type' => 'module',
  'module' => 
  array (
    0 => 'index',
    1 => 'login',
    2 => 'index',
  ),
)
[ info ] [ HEADER ] array (
  'host' => 'www.sanguo.com',
  'connection' => 'keep-alive',
  'upgrade-insecure-requests' => '1',
  'user-agent' => 'Mozilla/5.0 (iPhone; CPU iPhone OS 11_0 like Mac OS X) AppleWebKit/604.1.38 (KHTML, like Gecko) Version/11.0 Mobile/15A372 Safari/604.1',
  'accept' => 'text/html,application/xhtml+xml,application/xml;q=0.9,image/webp,image/apng,*/*;q=0.8,application/signed-exchange;v=b3;q=0.9',
  'referer' => 'http://www.sanguo.com/index/login/register.html',
  'accept-encoding' => 'gzip, deflate',
  'accept-language' => 'zh-CN,zh;q=0.9',
  'cookie' => 'PHPSESSID=m43lkqflgdia4gbjd4kn45jbs1',
)
[ info ] [ PARAM ] array (
  '/index/login/index_html' => '',
)
[ info ] [ RUN ] app\index\controller\Login->index[ E:\git\sanguo\application\index\controller\Login.php ]
[ info ] [ DB ] INIT mysql
[ info ] [ VIEW ] ./themes/hdindex/login\index.html [ array (
  0 => 'config',
) ]
[ info ] [ LOG ] INIT File
[ sql ] [ DB ] CONNECT:[ UseTime:0.002000s ] mysql:host=127.0.0.1;dbname=sanguo;charset=utf8
---------------------------------------------------------------
[ 2020-04-12T18:12:58+08:00 ] 127.0.0.1 POST www.sanguo.com/index/login/hdindex
[运行时间：0.122007s] [吞吐率：8.20req/s] [内存消耗：4,730.84kb] [文件加载：50]
[ info ] [ LANG ] E:\git\sanguo\thinkphp\lang\zh-cn.php
[ info ] [ ROUTE ] array (
  'type' => 'module',
  'module' => 
  array (
    0 => 'index',
    1 => 'login',
    2 => 'hdindex',
  ),
)
[ info ] [ HEADER ] array (
  'host' => 'www.sanguo.com',
  'connection' => 'keep-alive',
  'content-length' => '34',
  'accept' => 'application/json, text/javascript, */*; q=0.01',
  'x-requested-with' => 'XMLHttpRequest',
  'user-agent' => 'Mozilla/5.0 (iPhone; CPU iPhone OS 11_0 like Mac OS X) AppleWebKit/604.1.38 (KHTML, like Gecko) Version/11.0 Mobile/15A372 Safari/604.1',
  'content-type' => 'application/x-www-form-urlencoded; charset=UTF-8',
  'origin' => 'http://www.sanguo.com',
  'accept-encoding' => 'gzip, deflate',
  'accept-language' => 'zh-CN,zh;q=0.9',
  'cookie' => 'PHPSESSID=m43lkqflgdia4gbjd4kn45jbs1',
)
[ info ] [ PARAM ] array (
  '/index/login/hdindex' => '',
  'mobile' => '13888888888',
  'password' => '111111',
)
[ info ] [ RUN ] app\index\controller\Login->hdindex[ E:\git\sanguo\application\index\controller\Login.php ]
[ info ] [ DB ] INIT mysql
[ info ] [ SESSION ] INIT array (
  'id' => '',
  'var_session_id' => '',
  'prefix' => 'think',
  'type' => '',
  'auto_start' => true,
)
[ info ] [ CACHE ] INIT file
[ info ] [ LOG ] INIT File
[ sql ] [ DB ] CONNECT:[ UseTime:0.001000s ] mysql:host=127.0.0.1;dbname=sanguo;charset=utf8
---------------------------------------------------------------
[ 2020-04-12T18:12:58+08:00 ] 127.0.0.1 GET www.sanguo.com/index.php/index/index.html
[运行时间：0.169010s] [吞吐率：5.92req/s] [内存消耗：5,736.46kb] [文件加载：53]
[ info ] [ LANG ] E:\git\sanguo\thinkphp\lang\zh-cn.php
[ info ] [ ROUTE ] array (
  'type' => 'module',
  'module' => 
  array (
    0 => 'index',
    1 => 'index',
    2 => NULL,
  ),
)
[ info ] [ HEADER ] array (
  'host' => 'www.sanguo.com',
  'connection' => 'keep-alive',
  'upgrade-insecure-requests' => '1',
  'user-agent' => 'Mozilla/5.0 (iPhone; CPU iPhone OS 11_0 like Mac OS X) AppleWebKit/604.1.38 (KHTML, like Gecko) Version/11.0 Mobile/15A372 Safari/604.1',
  'accept' => 'text/html,application/xhtml+xml,application/xml;q=0.9,image/webp,image/apng,*/*;q=0.8,application/signed-exchange;v=b3;q=0.9',
  'accept-encoding' => 'gzip, deflate',
  'accept-language' => 'zh-CN,zh;q=0.9',
  'cookie' => 'PHPSESSID=m43lkqflgdia4gbjd4kn45jbs1',
)
[ info ] [ PARAM ] array (
)
[ info ] [ DB ] INIT mysql
[ info ] [ SESSION ] INIT array (
  'id' => '',
  'var_session_id' => '',
  'prefix' => 'think',
  'type' => '',
  'auto_start' => true,
)
[ info ] [ RUN ] app\index\controller\Index->index[ E:\git\sanguo\application\index\controller\Index.php ]
[ info ] [ VIEW ] ./themes/hdindex/index\index.html [ array (
  0 => 'user',
  1 => 'piglist',
  2 => 'nowday',
  3 => 'nowtime',
  4 => 'config',
) ]
[ info ] [ LOG ] INIT File
[ sql ] [ DB ] CONNECT:[ UseTime:0.002001s ] mysql:host=127.0.0.1;dbname=sanguo;charset=utf8
---------------------------------------------------------------
[ 2020-04-12T18:12:58+08:00 ] 127.0.0.1 GET www.sanguo.com/public/static/hdindex/css/style.css.map
[运行时间：0.076004s] [吞吐率：13.16req/s] [内存消耗：2,409.16kb] [文件加载：31]
[ info ] [ LANG ] E:\git\sanguo\thinkphp\lang\zh-cn.php
[ info ] [ ROUTE ] array (
  'type' => 'module',
  'module' => 
  array (
    0 => 'public',
    1 => 'static',
    2 => 'hdindex',
  ),
)
[ info ] [ HEADER ] array (
  'host' => 'www.sanguo.com',
  'connection' => 'keep-alive',
  'user-agent' => 'Mozilla/5.0 (iPhone; CPU iPhone OS 11_0 like Mac OS X) AppleWebKit/604.1.38 (KHTML, like Gecko) Version/11.0 Mobile/15A372 Safari/604.1',
  'accept-encoding' => 'gzip, deflate',
  'accept-language' => 'zh-CN,zh;q=0.9',
  'cookie' => 'PHPSESSID=m43lkqflgdia4gbjd4kn45jbs1',
)
[ info ] [ PARAM ] array (
  '/public/static/hdindex/css/style_css_map' => '',
  'css' => 'style.css.map',
)
[ info ] [ LOG ] INIT File
---------------------------------------------------------------
[ 2020-04-12T18:12:59+08:00 ] 127.0.0.1 GET www.sanguo.com/index.php/index/service/index.html
[运行时间：0.128008s] [吞吐率：7.81req/s] [内存消耗：5,414.21kb] [文件加载：52]
[ info ] [ LANG ] E:\git\sanguo\thinkphp\lang\zh-cn.php
[ info ] [ ROUTE ] array (
  'type' => 'module',
  'module' => 
  array (
    0 => 'index',
    1 => 'service',
    2 => 'index',
  ),
)
[ info ] [ HEADER ] array (
  'host' => 'www.sanguo.com',
  'connection' => 'keep-alive',
  'upgrade-insecure-requests' => '1',
  'user-agent' => 'Mozilla/5.0 (iPhone; CPU iPhone OS 11_0 like Mac OS X) AppleWebKit/604.1.38 (KHTML, like Gecko) Version/11.0 Mobile/15A372 Safari/604.1',
  'accept' => 'text/html,application/xhtml+xml,application/xml;q=0.9,image/webp,image/apng,*/*;q=0.8,application/signed-exchange;v=b3;q=0.9',
  'referer' => 'http://www.sanguo.com/index.php/index/index.html',
  'accept-encoding' => 'gzip, deflate',
  'accept-language' => 'zh-CN,zh;q=0.9',
  'cookie' => 'PHPSESSID=m43lkqflgdia4gbjd4kn45jbs1',
)
[ info ] [ PARAM ] array (
)
[ info ] [ DB ] INIT mysql
[ info ] [ SESSION ] INIT array (
  'id' => '',
  'var_session_id' => '',
  'prefix' => 'think',
  'type' => '',
  'auto_start' => true,
)
[ info ] [ RUN ] app\index\controller\Service->index[ E:\git\sanguo\application\index\controller\Service.php ]
[ info ] [ VIEW ] ./themes/hdindex/service\index.html [ array (
  0 => 'user',
) ]
[ info ] [ LOG ] INIT File
[ sql ] [ DB ] CONNECT:[ UseTime:0.003000s ] mysql:host=127.0.0.1;dbname=sanguo;charset=utf8
---------------------------------------------------------------
[ 2020-04-12T18:13:35+08:00 ] 127.0.0.1 GET www.sanguo.com/index.php/index/service/index.html
[运行时间：0.115007s] [吞吐率：8.70req/s] [内存消耗：5,414.64kb] [文件加载：52]
[ info ] [ LANG ] E:\git\sanguo\thinkphp\lang\zh-cn.php
[ info ] [ ROUTE ] array (
  'type' => 'module',
  'module' => 
  array (
    0 => 'index',
    1 => 'service',
    2 => 'index',
  ),
)
[ info ] [ HEADER ] array (
  'host' => 'www.sanguo.com',
  'connection' => 'keep-alive',
  'cache-control' => 'max-age=0',
  'upgrade-insecure-requests' => '1',
  'user-agent' => 'Mozilla/5.0 (iPhone; CPU iPhone OS 11_0 like Mac OS X) AppleWebKit/604.1.38 (KHTML, like Gecko) Version/11.0 Mobile/15A372 Safari/604.1',
  'accept' => 'text/html,application/xhtml+xml,application/xml;q=0.9,image/webp,image/apng,*/*;q=0.8,application/signed-exchange;v=b3;q=0.9',
  'referer' => 'http://www.sanguo.com/index.php/index/index.html',
  'accept-encoding' => 'gzip, deflate',
  'accept-language' => 'zh-CN,zh;q=0.9',
  'cookie' => 'PHPSESSID=m43lkqflgdia4gbjd4kn45jbs1',
)
[ info ] [ PARAM ] array (
)
[ info ] [ DB ] INIT mysql
[ info ] [ SESSION ] INIT array (
  'id' => '',
  'var_session_id' => '',
  'prefix' => 'think',
  'type' => '',
  'auto_start' => true,
)
[ info ] [ RUN ] app\index\controller\Service->index[ E:\git\sanguo\application\index\controller\Service.php ]
[ info ] [ VIEW ] ./themes/hdindex/service\index.html [ array (
  0 => 'user',
) ]
[ info ] [ LOG ] INIT File
[ sql ] [ DB ] CONNECT:[ UseTime:0.002000s ] mysql:host=127.0.0.1;dbname=sanguo;charset=utf8
---------------------------------------------------------------
[ 2020-04-12T18:13:42+08:00 ] 127.0.0.1 GET www.sanguo.com/index.php/index/service/index.html
[运行时间：0.211013s] [吞吐率：4.74req/s] [内存消耗：5,414.76kb] [文件加载：52]
[ info ] [ LANG ] E:\git\sanguo\thinkphp\lang\zh-cn.php
[ info ] [ ROUTE ] array (
  'type' => 'module',
  'module' => 
  array (
    0 => 'index',
    1 => 'service',
    2 => 'index',
  ),
)
[ info ] [ HEADER ] array (
  'host' => 'www.sanguo.com',
  'connection' => 'keep-alive',
  'cache-control' => 'max-age=0',
  'upgrade-insecure-requests' => '1',
  'user-agent' => 'Mozilla/5.0 (iPhone; CPU iPhone OS 11_0 like Mac OS X) AppleWebKit/604.1.38 (KHTML, like Gecko) Version/11.0 Mobile/15A372 Safari/604.1',
  'accept' => 'text/html,application/xhtml+xml,application/xml;q=0.9,image/webp,image/apng,*/*;q=0.8,application/signed-exchange;v=b3;q=0.9',
  'referer' => 'http://www.sanguo.com/index.php/index/index.html',
  'accept-encoding' => 'gzip, deflate',
  'accept-language' => 'zh-CN,zh;q=0.9',
  'cookie' => 'PHPSESSID=m43lkqflgdia4gbjd4kn45jbs1',
)
[ info ] [ PARAM ] array (
)
[ info ] [ DB ] INIT mysql
[ info ] [ SESSION ] INIT array (
  'id' => '',
  'var_session_id' => '',
  'prefix' => 'think',
  'type' => '',
  'auto_start' => true,
)
[ info ] [ RUN ] app\index\controller\Service->index[ E:\git\sanguo\application\index\controller\Service.php ]
[ info ] [ VIEW ] ./themes/hdindex/service\index.html [ array (
  0 => 'user',
) ]
[ info ] [ LOG ] INIT File
[ sql ] [ DB ] CONNECT:[ UseTime:0.020001s ] mysql:host=127.0.0.1;dbname=sanguo;charset=utf8
---------------------------------------------------------------
[ 2020-04-12T18:13:57+08:00 ] 127.0.0.1 GET www.sanguo.com/index.php/index/service/index.html
[运行时间：0.159009s] [吞吐率：6.29req/s] [内存消耗：5,414.62kb] [文件加载：52]
[ info ] [ LANG ] E:\git\sanguo\thinkphp\lang\zh-cn.php
[ info ] [ ROUTE ] array (
  'type' => 'module',
  'module' => 
  array (
    0 => 'index',
    1 => 'service',
    2 => 'index',
  ),
)
[ info ] [ HEADER ] array (
  'host' => 'www.sanguo.com',
  'connection' => 'keep-alive',
  'cache-control' => 'max-age=0',
  'upgrade-insecure-requests' => '1',
  'user-agent' => 'Mozilla/5.0 (iPhone; CPU iPhone OS 11_0 like Mac OS X) AppleWebKit/604.1.38 (KHTML, like Gecko) Version/11.0 Mobile/15A372 Safari/604.1',
  'accept' => 'text/html,application/xhtml+xml,application/xml;q=0.9,image/webp,image/apng,*/*;q=0.8,application/signed-exchange;v=b3;q=0.9',
  'referer' => 'http://www.sanguo.com/index.php/index/index.html',
  'accept-encoding' => 'gzip, deflate',
  'accept-language' => 'zh-CN,zh;q=0.9',
  'cookie' => 'PHPSESSID=m43lkqflgdia4gbjd4kn45jbs1',
)
[ info ] [ PARAM ] array (
)
[ info ] [ DB ] INIT mysql
[ info ] [ SESSION ] INIT array (
  'id' => '',
  'var_session_id' => '',
  'prefix' => 'think',
  'type' => '',
  'auto_start' => true,
)
[ info ] [ RUN ] app\index\controller\Service->index[ E:\git\sanguo\application\index\controller\Service.php ]
[ info ] [ VIEW ] ./themes/hdindex/service\index.html [ array (
  0 => 'user',
) ]
[ info ] [ LOG ] INIT File
[ sql ] [ DB ] CONNECT:[ UseTime:0.003000s ] mysql:host=127.0.0.1;dbname=sanguo;charset=utf8
---------------------------------------------------------------
[ 2020-04-12T18:14:17+08:00 ] 127.0.0.1 GET www.sanguo.com/index.php/index/service/index.html
[运行时间：0.150008s] [吞吐率：6.67req/s] [内存消耗：5,414.73kb] [文件加载：52]
[ info ] [ LANG ] E:\git\sanguo\thinkphp\lang\zh-cn.php
[ info ] [ ROUTE ] array (
  'type' => 'module',
  'module' => 
  array (
    0 => 'index',
    1 => 'service',
    2 => 'index',
  ),
)
[ info ] [ HEADER ] array (
  'host' => 'www.sanguo.com',
  'connection' => 'keep-alive',
  'cache-control' => 'max-age=0',
  'upgrade-insecure-requests' => '1',
  'user-agent' => 'Mozilla/5.0 (iPhone; CPU iPhone OS 11_0 like Mac OS X) AppleWebKit/604.1.38 (KHTML, like Gecko) Version/11.0 Mobile/15A372 Safari/604.1',
  'accept' => 'text/html,application/xhtml+xml,application/xml;q=0.9,image/webp,image/apng,*/*;q=0.8,application/signed-exchange;v=b3;q=0.9',
  'referer' => 'http://www.sanguo.com/index.php/index/index.html',
  'accept-encoding' => 'gzip, deflate',
  'accept-language' => 'zh-CN,zh;q=0.9',
  'cookie' => 'PHPSESSID=m43lkqflgdia4gbjd4kn45jbs1',
)
[ info ] [ PARAM ] array (
)
[ info ] [ DB ] INIT mysql
[ info ] [ SESSION ] INIT array (
  'id' => '',
  'var_session_id' => '',
  'prefix' => 'think',
  'type' => '',
  'auto_start' => true,
)
[ info ] [ RUN ] app\index\controller\Service->index[ E:\git\sanguo\application\index\controller\Service.php ]
[ info ] [ VIEW ] ./themes/hdindex/service\index.html [ array (
  0 => 'user',
) ]
[ info ] [ LOG ] INIT File
[ sql ] [ DB ] CONNECT:[ UseTime:0.003000s ] mysql:host=127.0.0.1;dbname=sanguo;charset=utf8
---------------------------------------------------------------
[ 2020-04-12T18:14:27+08:00 ] 127.0.0.1 GET www.sanguo.com/index.php/index/user/index.html
[运行时间：0.183011s] [吞吐率：5.46req/s] [内存消耗：5,848.55kb] [文件加载：53]
[ info ] [ LANG ] E:\git\sanguo\thinkphp\lang\zh-cn.php
[ info ] [ ROUTE ] array (
  'type' => 'module',
  'module' => 
  array (
    0 => 'index',
    1 => 'user',
    2 => 'index',
  ),
)
[ info ] [ HEADER ] array (
  'host' => 'www.sanguo.com',
  'connection' => 'keep-alive',
  'upgrade-insecure-requests' => '1',
  'user-agent' => 'Mozilla/5.0 (iPhone; CPU iPhone OS 11_0 like Mac OS X) AppleWebKit/604.1.38 (KHTML, like Gecko) Version/11.0 Mobile/15A372 Safari/604.1',
  'accept' => 'text/html,application/xhtml+xml,application/xml;q=0.9,image/webp,image/apng,*/*;q=0.8,application/signed-exchange;v=b3;q=0.9',
  'accept-encoding' => 'gzip, deflate',
  'accept-language' => 'zh-CN,zh;q=0.9',
  'cookie' => 'PHPSESSID=m43lkqflgdia4gbjd4kn45jbs1',
)
[ info ] [ PARAM ] array (
)
[ info ] [ DB ] INIT mysql
[ info ] [ SESSION ] INIT array (
  'id' => '',
  'var_session_id' => '',
  'prefix' => 'think',
  'type' => '',
  'auto_start' => true,
)
[ info ] [ RUN ] app\index\controller\User->index[ E:\git\sanguo\application\index\controller\User.php ]
[ info ] [ VIEW ] ./themes/hdindex/user\index.html [ array (
  0 => 'user',
  1 => 'user_pigs',
  2 => 'contract_revenue',
  3 => 'trancount',
  4 => 'adoptcount',
  5 => 'userlevel',
) ]
[ info ] [ LOG ] INIT File
[ sql ] [ DB ] CONNECT:[ UseTime:0.003000s ] mysql:host=127.0.0.1;dbname=sanguo;charset=utf8
---------------------------------------------------------------
[ 2020-04-12T18:14:29+08:00 ] 127.0.0.1 GET www.sanguo.com/index.php/index/user/set.html
[运行时间：0.103006s] [吞吐率：9.71req/s] [内存消耗：5,662.42kb] [文件加载：51]
[ info ] [ LANG ] E:\git\sanguo\thinkphp\lang\zh-cn.php
[ info ] [ ROUTE ] array (
  'type' => 'module',
  'module' => 
  array (
    0 => 'index',
    1 => 'user',
    2 => 'set',
  ),
)
[ info ] [ HEADER ] array (
  'host' => 'www.sanguo.com',
  'connection' => 'keep-alive',
  'upgrade-insecure-requests' => '1',
  'user-agent' => 'Mozilla/5.0 (iPhone; CPU iPhone OS 11_0 like Mac OS X) AppleWebKit/604.1.38 (KHTML, like Gecko) Version/11.0 Mobile/15A372 Safari/604.1',
  'accept' => 'text/html,application/xhtml+xml,application/xml;q=0.9,image/webp,image/apng,*/*;q=0.8,application/signed-exchange;v=b3;q=0.9',
  'accept-encoding' => 'gzip, deflate',
  'accept-language' => 'zh-CN,zh;q=0.9',
  'cookie' => 'PHPSESSID=m43lkqflgdia4gbjd4kn45jbs1',
)
[ info ] [ PARAM ] array (
)
[ info ] [ DB ] INIT mysql
[ info ] [ SESSION ] INIT array (
  'id' => '',
  'var_session_id' => '',
  'prefix' => 'think',
  'type' => '',
  'auto_start' => true,
)
[ info ] [ RUN ] app\index\controller\User->set[ E:\git\sanguo\application\index\controller\User.php ]
[ info ] [ VIEW ] ./themes/hdindex/user\set.html [ array (
  0 => 'user',
) ]
[ info ] [ LOG ] INIT File
[ sql ] [ DB ] CONNECT:[ UseTime:0.002000s ] mysql:host=127.0.0.1;dbname=sanguo;charset=utf8
---------------------------------------------------------------
[ 2020-04-12T18:14:39+08:00 ] 127.0.0.1 GET www.sanguo.com/index/login/logout
[运行时间：0.073004s] [吞吐率：13.70req/s] [内存消耗：3,068.13kb] [文件加载：39]
[ info ] [ LANG ] E:\git\sanguo\thinkphp\lang\zh-cn.php
[ info ] [ ROUTE ] array (
  'type' => 'module',
  'module' => 
  array (
    0 => 'index',
    1 => 'login',
    2 => 'logout',
  ),
)
[ info ] [ HEADER ] array (
  'host' => 'www.sanguo.com',
  'connection' => 'keep-alive',
  'accept' => 'application/json, text/javascript, */*; q=0.01',
  'x-requested-with' => 'XMLHttpRequest',
  'user-agent' => 'Mozilla/5.0 (iPhone; CPU iPhone OS 11_0 like Mac OS X) AppleWebKit/604.1.38 (KHTML, like Gecko) Version/11.0 Mobile/15A372 Safari/604.1',
  'referer' => 'http://www.sanguo.com/index.php/index/user/set.html',
  'accept-encoding' => 'gzip, deflate',
  'accept-language' => 'zh-CN,zh;q=0.9',
  'cookie' => 'PHPSESSID=m43lkqflgdia4gbjd4kn45jbs1',
)
[ info ] [ PARAM ] array (
  '/index/login/logout' => '',
)
[ info ] [ RUN ] app\index\controller\Login->logout[ E:\git\sanguo\application\index\controller\Login.php ]
[ info ] [ SESSION ] INIT array (
  'id' => '',
  'var_session_id' => '',
  'prefix' => 'think',
  'type' => '',
  'auto_start' => true,
)
[ info ] [ LOG ] INIT File
---------------------------------------------------------------
[ 2020-04-12T18:14:40+08:00 ] 127.0.0.1 GET www.sanguo.com/index/login/index.html
[运行时间：0.082005s] [吞吐率：12.19req/s] [内存消耗：4,491.03kb] [文件加载：45]
[ info ] [ LANG ] E:\git\sanguo\thinkphp\lang\zh-cn.php
[ info ] [ ROUTE ] array (
  'type' => 'module',
  'module' => 
  array (
    0 => 'index',
    1 => 'login',
    2 => 'index',
  ),
)
[ info ] [ HEADER ] array (
  'host' => 'www.sanguo.com',
  'connection' => 'keep-alive',
  'upgrade-insecure-requests' => '1',
  'user-agent' => 'Mozilla/5.0 (iPhone; CPU iPhone OS 11_0 like Mac OS X) AppleWebKit/604.1.38 (KHTML, like Gecko) Version/11.0 Mobile/15A372 Safari/604.1',
  'accept' => 'text/html,application/xhtml+xml,application/xml;q=0.9,image/webp,image/apng,*/*;q=0.8,application/signed-exchange;v=b3;q=0.9',
  'referer' => 'http://www.sanguo.com/index.php/index/user/set.html',
  'accept-encoding' => 'gzip, deflate',
  'accept-language' => 'zh-CN,zh;q=0.9',
  'cookie' => 'PHPSESSID=m43lkqflgdia4gbjd4kn45jbs1',
)
[ info ] [ PARAM ] array (
  '/index/login/index_html' => '',
)
[ info ] [ RUN ] app\index\controller\Login->index[ E:\git\sanguo\application\index\controller\Login.php ]
[ info ] [ DB ] INIT mysql
[ info ] [ VIEW ] ./themes/hdindex/login\index.html [ array (
  0 => 'config',
) ]
[ info ] [ LOG ] INIT File
[ sql ] [ DB ] CONNECT:[ UseTime:0.001000s ] mysql:host=127.0.0.1;dbname=sanguo;charset=utf8
---------------------------------------------------------------
[ 2020-04-12T18:14:41+08:00 ] 127.0.0.1 GET www.sanguo.com/index/login/register.html
[运行时间：0.081005s] [吞吐率：12.34req/s] [内存消耗：4,541.59kb] [文件加载：45]
[ info ] [ LANG ] E:\git\sanguo\thinkphp\lang\zh-cn.php
[ info ] [ ROUTE ] array (
  'type' => 'module',
  'module' => 
  array (
    0 => 'index',
    1 => 'login',
    2 => 'register',
  ),
)
[ info ] [ HEADER ] array (
  'host' => 'www.sanguo.com',
  'connection' => 'keep-alive',
  'upgrade-insecure-requests' => '1',
  'user-agent' => 'Mozilla/5.0 (iPhone; CPU iPhone OS 11_0 like Mac OS X) AppleWebKit/604.1.38 (KHTML, like Gecko) Version/11.0 Mobile/15A372 Safari/604.1',
  'accept' => 'text/html,application/xhtml+xml,application/xml;q=0.9,image/webp,image/apng,*/*;q=0.8,application/signed-exchange;v=b3;q=0.9',
  'accept-encoding' => 'gzip, deflate',
  'accept-language' => 'zh-CN,zh;q=0.9',
  'cookie' => 'PHPSESSID=m43lkqflgdia4gbjd4kn45jbs1',
)
[ info ] [ PARAM ] array (
  '/index/login/register_html' => '',
)
[ info ] [ RUN ] app\index\controller\Login->register[ E:\git\sanguo\application\index\controller\Login.php ]
[ info ] [ DB ] INIT mysql
[ info ] [ VIEW ] ./themes/hdindex/login\register.html [ array (
  0 => 'config',
  1 => 'pinfo',
) ]
[ info ] [ LOG ] INIT File
[ sql ] [ DB ] CONNECT:[ UseTime:0.001000s ] mysql:host=127.0.0.1;dbname=sanguo;charset=utf8
---------------------------------------------------------------
[ 2020-04-12T18:15:25+08:00 ] 127.0.0.1 GET www.sanguo.com/index/login/register.html
[运行时间：0.098006s] [吞吐率：10.20req/s] [内存消耗：4,541.70kb] [文件加载：45]
[ info ] [ LANG ] E:\git\sanguo\thinkphp\lang\zh-cn.php
[ info ] [ ROUTE ] array (
  'type' => 'module',
  'module' => 
  array (
    0 => 'index',
    1 => 'login',
    2 => 'register',
  ),
)
[ info ] [ HEADER ] array (
  'host' => 'www.sanguo.com',
  'connection' => 'keep-alive',
  'cache-control' => 'max-age=0',
  'upgrade-insecure-requests' => '1',
  'user-agent' => 'Mozilla/5.0 (iPhone; CPU iPhone OS 11_0 like Mac OS X) AppleWebKit/604.1.38 (KHTML, like Gecko) Version/11.0 Mobile/15A372 Safari/604.1',
  'accept' => 'text/html,application/xhtml+xml,application/xml;q=0.9,image/webp,image/apng,*/*;q=0.8,application/signed-exchange;v=b3;q=0.9',
  'accept-encoding' => 'gzip, deflate',
  'accept-language' => 'zh-CN,zh;q=0.9',
  'cookie' => 'PHPSESSID=m43lkqflgdia4gbjd4kn45jbs1',
)
[ info ] [ PARAM ] array (
  '/index/login/register_html' => '',
)
[ info ] [ RUN ] app\index\controller\Login->register[ E:\git\sanguo\application\index\controller\Login.php ]
[ info ] [ DB ] INIT mysql
[ info ] [ VIEW ] ./themes/hdindex/login\register.html [ array (
  0 => 'config',
  1 => 'pinfo',
) ]
[ info ] [ LOG ] INIT File
[ sql ] [ DB ] CONNECT:[ UseTime:0.010001s ] mysql:host=127.0.0.1;dbname=sanguo;charset=utf8
---------------------------------------------------------------
[ 2020-04-12T18:16:34+08:00 ] 127.0.0.1 GET www.sanguo.com/index/login/register.html
[运行时间：0.108006s] [吞吐率：9.26req/s] [内存消耗：4,541.70kb] [文件加载：45]
[ info ] [ LANG ] E:\git\sanguo\thinkphp\lang\zh-cn.php
[ info ] [ ROUTE ] array (
  'type' => 'module',
  'module' => 
  array (
    0 => 'index',
    1 => 'login',
    2 => 'register',
  ),
)
[ info ] [ HEADER ] array (
  'host' => 'www.sanguo.com',
  'connection' => 'keep-alive',
  'cache-control' => 'max-age=0',
  'upgrade-insecure-requests' => '1',
  'user-agent' => 'Mozilla/5.0 (iPhone; CPU iPhone OS 11_0 like Mac OS X) AppleWebKit/604.1.38 (KHTML, like Gecko) Version/11.0 Mobile/15A372 Safari/604.1',
  'accept' => 'text/html,application/xhtml+xml,application/xml;q=0.9,image/webp,image/apng,*/*;q=0.8,application/signed-exchange;v=b3;q=0.9',
  'accept-encoding' => 'gzip, deflate',
  'accept-language' => 'zh-CN,zh;q=0.9',
  'cookie' => 'PHPSESSID=m43lkqflgdia4gbjd4kn45jbs1',
)
[ info ] [ PARAM ] array (
  '/index/login/register_html' => '',
)
[ info ] [ RUN ] app\index\controller\Login->register[ E:\git\sanguo\application\index\controller\Login.php ]
[ info ] [ DB ] INIT mysql
[ info ] [ VIEW ] ./themes/hdindex/login\register.html [ array (
  0 => 'config',
  1 => 'pinfo',
) ]
[ info ] [ LOG ] INIT File
[ sql ] [ DB ] CONNECT:[ UseTime:0.002000s ] mysql:host=127.0.0.1;dbname=sanguo;charset=utf8
---------------------------------------------------------------
[ 2020-04-12T18:16:55+08:00 ] 127.0.0.1 GET www.sanguo.com/index/login/register.html
[运行时间：0.139008s] [吞吐率：7.19req/s] [内存消耗：4,820.43kb] [文件加载：47]
[ info ] [ LANG ] E:\git\sanguo\thinkphp\lang\zh-cn.php
[ info ] [ ROUTE ] array (
  'type' => 'module',
  'module' => 
  array (
    0 => 'index',
    1 => 'login',
    2 => 'register',
  ),
)
[ info ] [ HEADER ] array (
  'host' => 'www.sanguo.com',
  'connection' => 'keep-alive',
  'cache-control' => 'max-age=0',
  'upgrade-insecure-requests' => '1',
  'user-agent' => 'Mozilla/5.0 (iPhone; CPU iPhone OS 11_0 like Mac OS X) AppleWebKit/604.1.38 (KHTML, like Gecko) Version/11.0 Mobile/15A372 Safari/604.1',
  'accept' => 'text/html,application/xhtml+xml,application/xml;q=0.9,image/webp,image/apng,*/*;q=0.8,application/signed-exchange;v=b3;q=0.9',
  'accept-encoding' => 'gzip, deflate',
  'accept-language' => 'zh-CN,zh;q=0.9',
  'cookie' => 'PHPSESSID=m43lkqflgdia4gbjd4kn45jbs1',
)
[ info ] [ PARAM ] array (
  '/index/login/register_html' => '',
)
[ info ] [ RUN ] app\index\controller\Login->register[ E:\git\sanguo\application\index\controller\Login.php ]
[ info ] [ DB ] INIT mysql
[ info ] [ VIEW ] ./themes/hdindex/login\register.html [ array (
  0 => 'config',
  1 => 'pinfo',
) ]
[ info ] [ LOG ] INIT File
[ sql ] [ DB ] CONNECT:[ UseTime:0.002000s ] mysql:host=127.0.0.1;dbname=sanguo;charset=utf8
---------------------------------------------------------------
[ 2020-04-12T18:17:40+08:00 ] 127.0.0.1 GET www.sanguo.com/index/login/register.html
[运行时间：0.105006s] [吞吐率：9.52req/s] [内存消耗：4,541.72kb] [文件加载：45]
[ info ] [ LANG ] E:\git\sanguo\thinkphp\lang\zh-cn.php
[ info ] [ ROUTE ] array (
  'type' => 'module',
  'module' => 
  array (
    0 => 'index',
    1 => 'login',
    2 => 'register',
  ),
)
[ info ] [ HEADER ] array (
  'host' => 'www.sanguo.com',
  'connection' => 'keep-alive',
  'cache-control' => 'max-age=0',
  'upgrade-insecure-requests' => '1',
  'user-agent' => 'Mozilla/5.0 (iPhone; CPU iPhone OS 11_0 like Mac OS X) AppleWebKit/604.1.38 (KHTML, like Gecko) Version/11.0 Mobile/15A372 Safari/604.1',
  'accept' => 'text/html,application/xhtml+xml,application/xml;q=0.9,image/webp,image/apng,*/*;q=0.8,application/signed-exchange;v=b3;q=0.9',
  'accept-encoding' => 'gzip, deflate',
  'accept-language' => 'zh-CN,zh;q=0.9',
  'cookie' => 'PHPSESSID=m43lkqflgdia4gbjd4kn45jbs1',
)
[ info ] [ PARAM ] array (
  '/index/login/register_html' => '',
)
[ info ] [ RUN ] app\index\controller\Login->register[ E:\git\sanguo\application\index\controller\Login.php ]
[ info ] [ DB ] INIT mysql
[ info ] [ VIEW ] ./themes/hdindex/login\register.html [ array (
  0 => 'config',
  1 => 'pinfo',
) ]
[ info ] [ LOG ] INIT File
[ sql ] [ DB ] CONNECT:[ UseTime:0.002000s ] mysql:host=127.0.0.1;dbname=sanguo;charset=utf8
---------------------------------------------------------------
[ 2020-04-12T18:17:57+08:00 ] 127.0.0.1 GET www.sanguo.com/index/login/register.html
[运行时间：0.092006s] [吞吐率：10.87req/s] [内存消耗：4,541.72kb] [文件加载：45]
[ info ] [ LANG ] E:\git\sanguo\thinkphp\lang\zh-cn.php
[ info ] [ ROUTE ] array (
  'type' => 'module',
  'module' => 
  array (
    0 => 'index',
    1 => 'login',
    2 => 'register',
  ),
)
[ info ] [ HEADER ] array (
  'host' => 'www.sanguo.com',
  'connection' => 'keep-alive',
  'cache-control' => 'max-age=0',
  'upgrade-insecure-requests' => '1',
  'user-agent' => 'Mozilla/5.0 (iPhone; CPU iPhone OS 11_0 like Mac OS X) AppleWebKit/604.1.38 (KHTML, like Gecko) Version/11.0 Mobile/15A372 Safari/604.1',
  'accept' => 'text/html,application/xhtml+xml,application/xml;q=0.9,image/webp,image/apng,*/*;q=0.8,application/signed-exchange;v=b3;q=0.9',
  'accept-encoding' => 'gzip, deflate',
  'accept-language' => 'zh-CN,zh;q=0.9',
  'cookie' => 'PHPSESSID=m43lkqflgdia4gbjd4kn45jbs1',
)
[ info ] [ PARAM ] array (
  '/index/login/register_html' => '',
)
[ info ] [ RUN ] app\index\controller\Login->register[ E:\git\sanguo\application\index\controller\Login.php ]
[ info ] [ DB ] INIT mysql
[ info ] [ VIEW ] ./themes/hdindex/login\register.html [ array (
  0 => 'config',
  1 => 'pinfo',
) ]
[ info ] [ LOG ] INIT File
[ sql ] [ DB ] CONNECT:[ UseTime:0.002001s ] mysql:host=127.0.0.1;dbname=sanguo;charset=utf8
